\BOOKMARK [1][-]{section.1}{Introduction}{}% 1
\BOOKMARK [1][-]{section.2}{Model}{}% 2
\BOOKMARK [2][-]{subsection.2.1}{Firm Payoff}{section.2}% 3
\BOOKMARK [3][-]{subsubsection.2.1.1}{Worker}{subsection.2.1}% 4
\BOOKMARK [1][-]{section.3}{Data}{}% 5
\BOOKMARK [1][-]{section.4}{Empirical Strategy}{}% 6
\BOOKMARK [2][-]{subsection.4.1}{Step 1: Firm Estimation and Identification}{section.4}% 7
\BOOKMARK [3][-]{subsubsection.4.1.1}{Firm Estimation}{subsection.4.1}% 8
\BOOKMARK [3][-]{subsubsection.4.1.2}{Firm Identification}{subsection.4.1}% 9
\BOOKMARK [2][-]{subsection.4.2}{Step 2: Worker Estimation and Identification}{section.4}% 10
\BOOKMARK [3][-]{subsubsection.4.2.1}{Worker Identification}{subsection.4.2}% 11
\BOOKMARK [1][-]{section.5}{Model Estimates}{}% 12
\BOOKMARK [2][-]{subsection.5.1}{Model Parameters and Fit}{section.5}% 13
\BOOKMARK [2][-]{subsection.5.2}{Worker Preference Results}{section.5}% 14
\BOOKMARK [1][-]{section.6}{Counterfactuals}{}% 15
\BOOKMARK [2][-]{subsection.6.1}{Homophily and Path-Dependence}{section.6}% 16
\BOOKMARK [2][-]{subsection.6.2}{Homophily and Equal Pay for Equal Work}{section.6}% 17
\BOOKMARK [1][-]{section.7}{Conclusion}{}% 18
\BOOKMARK [2][-]{subsection.7.1}{Figures and Tables}{section.7}% 19
\BOOKMARK [1][-]{section.8}{Appendix}{}% 20
\BOOKMARK [2][-]{subsection.8.1}{Transferable Utility Matching}{section.8}% 21
\BOOKMARK [3][-]{subsubsection.8.1.1}{Equilibrium Wages}{subsection.8.1}% 22
\BOOKMARK [3][-]{subsubsection.8.1.2}{Feasibility}{subsection.8.1}% 23
\BOOKMARK [3][-]{subsubsection.8.1.3}{Stability}{subsection.8.1}% 24
\BOOKMARK [3][-]{subsubsection.8.1.4}{Proof of Pairwise Stability}{subsection.8.1}% 25
\BOOKMARK [1][-]{section*.15}{References}{}% 26
