This is pdfTeX, Version 3.14159265-2.6-1.40.17 (TeX Live 2016) (preloaded format=pdflatex 2016.5.22)  27 FEB 2019 12:02
entering extended mode
 restricted \write18 enabled.
 file:line:error style messages enabled.
 %&-line parsing enabled.
**Paper_2019_February_v2.tex
(./Paper_2019_February_v2.tex
LaTeX2e <2016/03/31>
Babel <3.9r> and hyphenation patterns for 83 language(s) loaded.
(/usr/local/texlive/2016/texmf-dist/tex/latex/base/article.cls
Document Class: article 2014/09/29 v1.4h Standard LaTeX document class
(/usr/local/texlive/2016/texmf-dist/tex/latex/base/size11.clo
File: size11.clo 2014/09/29 v1.4h Standard LaTeX file (size option)
)
\c@part=\count79
\c@section=\count80
\c@subsection=\count81
\c@subsubsection=\count82
\c@paragraph=\count83
\c@subparagraph=\count84
\c@figure=\count85
\c@table=\count86
\abovecaptionskip=\skip41
\belowcaptionskip=\skip42
\bibindent=\dimen102
)
(/usr/local/texlive/2016/texmf-dist/tex/latex/amsfonts/amssymb.sty
Package: amssymb 2013/01/14 v3.01 AMS font symbols

(/usr/local/texlive/2016/texmf-dist/tex/latex/amsfonts/amsfonts.sty
Package: amsfonts 2013/01/14 v3.01 Basic AMSFonts support
\@emptytoks=\toks14
\symAMSa=\mathgroup4
\symAMSb=\mathgroup5
LaTeX Font Info:    Overwriting math alphabet `\mathfrak' in version `bold'
(Font)                  U/euf/m/n --> U/euf/b/n on input line 106.
))
(/usr/local/texlive/2016/texmf-dist/tex/latex/amsmath/amsmath.sty
Package: amsmath 2016/03/10 v2.15b AMS math features
\@mathmargin=\skip43

For additional information on amsmath, use the `?' option.
(/usr/local/texlive/2016/texmf-dist/tex/latex/amsmath/amstext.sty
Package: amstext 2000/06/29 v2.01 AMS text

(/usr/local/texlive/2016/texmf-dist/tex/latex/amsmath/amsgen.sty
File: amsgen.sty 1999/11/30 v2.0 generic functions
\@emptytoks=\toks15
\ex@=\dimen103
))
(/usr/local/texlive/2016/texmf-dist/tex/latex/amsmath/amsbsy.sty
Package: amsbsy 1999/11/29 v1.2d Bold Symbols
\pmbraise@=\dimen104
)
(/usr/local/texlive/2016/texmf-dist/tex/latex/amsmath/amsopn.sty
Package: amsopn 2016/03/08 v2.02 operator names
)
\inf@bad=\count87
LaTeX Info: Redefining \frac on input line 199.
\uproot@=\count88
\leftroot@=\count89
LaTeX Info: Redefining \overline on input line 297.
\classnum@=\count90
\DOTSCASE@=\count91
LaTeX Info: Redefining \ldots on input line 394.
LaTeX Info: Redefining \dots on input line 397.
LaTeX Info: Redefining \cdots on input line 518.
\Mathstrutbox@=\box26
\strutbox@=\box27
\big@size=\dimen105
LaTeX Font Info:    Redeclaring font encoding OML on input line 634.
LaTeX Font Info:    Redeclaring font encoding OMS on input line 635.
\macc@depth=\count92
\c@MaxMatrixCols=\count93
\dotsspace@=\muskip10
\c@parentequation=\count94
\dspbrk@lvl=\count95
\tag@help=\toks16
\row@=\count96
\column@=\count97
\maxfields@=\count98
\andhelp@=\toks17
\eqnshift@=\dimen106
\alignsep@=\dimen107
\tagshift@=\dimen108
\tagwidth@=\dimen109
\totwidth@=\dimen110
\lineht@=\dimen111
\@envbody=\toks18
\multlinegap=\skip44
\multlinetaggap=\skip45
\mathdisplay@stack=\toks19
LaTeX Info: Redefining \[ on input line 2739.
LaTeX Info: Redefining \] on input line 2740.
)
(/usr/local/texlive/2016/texmf-dist/tex/latex/amscls/amsthm.sty
Package: amsthm 2015/03/04 v2.20.2
\thm@style=\toks20
\thm@bodyfont=\toks21
\thm@headfont=\toks22
\thm@notefont=\toks23
\thm@headpunct=\toks24
\thm@preskip=\skip46
\thm@postskip=\skip47
\thm@headsep=\skip48
\dth@everypar=\toks25
)
(/usr/local/texlive/2016/texmf-dist/tex/latex/jknapltx/mathrsfs.sty
Package: mathrsfs 1996/01/01 Math RSFS package v1.0 (jk)
\symrsfs=\mathgroup6
)
(/usr/local/texlive/2016/texmf-dist/tex/latex/bbm-macros/bbm.sty
Package: bbm 1999/03/15 V 1.2 provides fonts for set symbols - TH
LaTeX Font Info:    Overwriting math alphabet `\mathbbm' in version `bold'
(Font)                  U/bbm/m/n --> U/bbm/bx/n on input line 33.
LaTeX Font Info:    Overwriting math alphabet `\mathbbmss' in version `bold'
(Font)                  U/bbmss/m/n --> U/bbmss/bx/n on input line 35.
)
(/usr/local/texlive/2016/texmf-dist/tex/latex/fancyhdr/fancyhdr.sty
\fancy@headwidth=\skip49
\f@ncyO@elh=\skip50
\f@ncyO@erh=\skip51
\f@ncyO@olh=\skip52
\f@ncyO@orh=\skip53
\f@ncyO@elf=\skip54
\f@ncyO@erf=\skip55
\f@ncyO@olf=\skip56
\f@ncyO@orf=\skip57
)
(/usr/local/texlive/2016/texmf-dist/tex/latex/datetime/datetime.sty
Package: datetime 2015/03/20 v2.60 Date Time Package

(/usr/local/texlive/2016/texmf-dist/tex/latex/etoolbox/etoolbox.sty
Package: etoolbox 2015/08/02 v2.2a e-TeX tools for LaTeX (JAW)
\etb@tempcnta=\count99
)
(/usr/local/texlive/2016/texmf-dist/tex/latex/fmtcount/fmtcount.sty
Package: fmtcount 2015/05/05 v3.01

(/usr/local/texlive/2016/texmf-dist/tex/latex/base/ifthen.sty
Package: ifthen 2014/09/29 v1.1c Standard LaTeX ifthen package (DPC)
)
(/usr/local/texlive/2016/texmf-dist/tex/latex/xkeyval/xkeyval.sty
Package: xkeyval 2014/12/03 v2.7a package option processing (HA)

(/usr/local/texlive/2016/texmf-dist/tex/generic/xkeyval/xkeyval.tex
(/usr/local/texlive/2016/texmf-dist/tex/generic/xkeyval/xkvutils.tex
\XKV@toks=\toks26
\XKV@tempa@toks=\toks27

(/usr/local/texlive/2016/texmf-dist/tex/generic/xkeyval/keyval.tex))
\XKV@depth=\count100
File: xkeyval.tex 2014/12/03 v2.7a key=value parser (HA)
))
(/usr/local/texlive/2016/texmf-dist/tex/latex/fmtcount/fcprefix.sty
Package: fcprefix 2012/09/28

(/usr/local/texlive/2016/texmf-dist/tex/latex/fmtcount/fcnumparser.sty
Package: fcnumparser 2012/09/28
\fc@digit@counter=\count101
))
(/usr/local/texlive/2016/texmf-dist/tex/generic/ifxetex/ifxetex.sty
Package: ifxetex 2010/09/12 v0.6 Provides ifxetex conditional
)
\c@padzeroesN=\count102
\fc@tmpcatcode=\count103
\@DT@modctr=\count104
\@ordinalctr=\count105
\@orgargctr=\count106
\@strctr=\count107
\@tmpstrctr=\count108
\@DT@loopN=\count109
\@DT@X=\count110

(/usr/local/texlive/2016/texmf-dist/tex/latex/fmtcount/fc-english.def
File: fc-english.def 2013/08/17
))
(/usr/local/texlive/2016/texmf-dist/tex/latex/datetime/datetime-defaults.sty
Package: datetime-defaults 2013/09/10
)
\@day=\count111
\@month=\count112
\@year=\count113
\c@HOUR=\count114
\c@HOURXII=\count115
\c@MINUTE=\count116
\c@TOHOUR=\count117
\c@TOMINUTE=\count118
\c@SECOND=\count119
\currenthour=\count120
\currentminute=\count121
\currentsecond=\count122
Package datetime Info: No datetime.cfg file found, using default settings on in
put line 308.
\@dtctr=\count123
\dayofyear=\count124
\dayofweek=\count125
LaTeX Info: Redefining \today on input line 736.
\dt@a=\toks28
\dt@b=\toks29
)
(/usr/local/texlive/2016/texmf-dist/tex/latex/pstricks/pstricks.sty
Package: pstricks 2015/11/14 v0.62 LaTeX wrapper for `PSTricks' (RN,HV)

(/usr/local/texlive/2016/texmf-dist/tex/latex/xcolor/xcolor.sty
Package: xcolor 2016/05/11 v2.12 LaTeX color extensions (UK)

(/usr/local/texlive/2016/texmf-dist/tex/latex/graphics-cfg/color.cfg
File: color.cfg 2016/01/02 v1.6 sample color configuration
)
Package xcolor Info: Driver file: pdftex.def on input line 225.

(/usr/local/texlive/2016/texmf-dist/tex/latex/pdftex-def/pdftex.def
File: pdftex.def 2011/05/27 v0.06d Graphics/color for pdfTeX

(/usr/local/texlive/2016/texmf-dist/tex/generic/oberdiek/infwarerr.sty
Package: infwarerr 2016/05/16 v1.4 Providing info/warning/error messages (HO)
)
(/usr/local/texlive/2016/texmf-dist/tex/generic/oberdiek/ltxcmds.sty
Package: ltxcmds 2016/05/16 v1.23 LaTeX kernel commands for general use (HO)
)
\Gread@gobject=\count126
)
Package xcolor Info: Model `cmy' substituted by `cmy0' on input line 1348.
Package xcolor Info: Model `hsb' substituted by `rgb' on input line 1352.
Package xcolor Info: Model `RGB' extended on input line 1364.
Package xcolor Info: Model `HTML' substituted by `rgb' on input line 1366.
Package xcolor Info: Model `Hsb' substituted by `hsb' on input line 1367.
Package xcolor Info: Model `tHsb' substituted by `hsb' on input line 1368.
Package xcolor Info: Model `HSB' substituted by `hsb' on input line 1369.
Package xcolor Info: Model `Gray' substituted by `gray' on input line 1370.
Package xcolor Info: Model `wave' substituted by `hsb' on input line 1371.
)
(/usr/local/texlive/2016/texmf-dist/tex/generic/pstricks/pstricks.tex
(/usr/local/texlive/2016/texmf-dist/tex/generic/xkeyval/pst-xkey.tex
File: pst-xkey.tex 2005/11/25 v1.6 PSTricks specialization of xkeyval (HA)
)
(/usr/local/texlive/2016/texmf-dist/tex/generic/pstricks/pst-fp.tex
`pst-fp' v0.05, 2010/01/17 (hv)
\pstFP@xs=\count127
\pstFP@xia=\count128
\pstFP@xib=\count129
\pstFP@xfa=\count130
\pstFP@xfb=\count131
\pstFP@rega=\count132
\pstFP@regb=\count133
\pstFP@regs=\count134
\pstFP@times=\count135
)
(/usr/local/texlive/2016/texmf-dist/tex/generic/pgf/utilities/pgfutil-common.te
x
\pgfutil@everybye=\toks30
\pgfutil@tempdima=\dimen112
\pgfutil@tempdimb=\dimen113

(/usr/local/texlive/2016/texmf-dist/tex/generic/pgf/utilities/pgfutil-common-li
sts.tex))
(/usr/local/texlive/2016/texmf-dist/tex/generic/pgf/utilities/pgfkeys.code.tex
\pgfkeys@pathtoks=\toks31
\pgfkeys@temptoks=\toks32

(/usr/local/texlive/2016/texmf-dist/tex/generic/pgf/utilities/pgfkeysfiltered.c
ode.tex
\pgfkeys@tmptoks=\toks33
))
(/usr/local/texlive/2016/texmf-dist/tex/generic/pgf/utilities/pgffor.code.tex
(/usr/local/texlive/2016/texmf-dist/tex/generic/pgf/math/pgfmath.code.tex
(/usr/local/texlive/2016/texmf-dist/tex/generic/pgf/math/pgfmathcalc.code.tex
(/usr/local/texlive/2016/texmf-dist/tex/generic/pgf/math/pgfmathutil.code.tex
\pgf@x=\dimen114
\pgf@xa=\dimen115
\pgf@xb=\dimen116
\pgf@xc=\dimen117
\pgf@y=\dimen118
\pgf@ya=\dimen119
\pgf@yb=\dimen120
\pgf@yc=\dimen121
\c@pgf@counta=\count136
\c@pgf@countb=\count137
\c@pgf@countc=\count138
\c@pgf@countd=\count139
\pgfutil@tempcnta=\count140
\pgfutil@tempcntb=\count141
)
(/usr/local/texlive/2016/texmf-dist/tex/generic/pgf/math/pgfmathparser.code.tex
\pgfmath@dimen=\dimen122
\pgfmath@count=\count142
\pgfmath@box=\box28
\pgfmath@toks=\toks34
\pgfmath@stack@operand=\toks35
\pgfmath@stack@operation=\toks36
)
(/usr/local/texlive/2016/texmf-dist/tex/generic/pgf/math/pgfmathfunctions.code.
tex
(/usr/local/texlive/2016/texmf-dist/tex/generic/pgf/math/pgfmathfunctions.basic
.code.tex)
(/usr/local/texlive/2016/texmf-dist/tex/generic/pgf/math/pgfmathfunctions.trigo
nometric.code.tex)
(/usr/local/texlive/2016/texmf-dist/tex/generic/pgf/math/pgfmathfunctions.rando
m.code.tex)
(/usr/local/texlive/2016/texmf-dist/tex/generic/pgf/math/pgfmathfunctions.compa
rison.code.tex)
(/usr/local/texlive/2016/texmf-dist/tex/generic/pgf/math/pgfmathfunctions.base.
code.tex)
(/usr/local/texlive/2016/texmf-dist/tex/generic/pgf/math/pgfmathfunctions.round
.code.tex)
(/usr/local/texlive/2016/texmf-dist/tex/generic/pgf/math/pgfmathfunctions.misc.
code.tex)
(/usr/local/texlive/2016/texmf-dist/tex/generic/pgf/math/pgfmathfunctions.integ
erarithmetics.code.tex)))
(/usr/local/texlive/2016/texmf-dist/tex/generic/pgf/math/pgfmathfloat.code.tex
\c@pgfmathroundto@lastzeros=\count143
))
\pgffor@iter=\dimen123
\pgffor@skip=\dimen124
\pgffor@stack=\toks37
\pgffor@toks=\toks38
)
\psLoopIndex=\count144

`PSTricks' v2.66  <2016/05/18> (tvz)
\pst@dima=\dimen125
\pst@dimb=\dimen126
\pst@dimc=\dimen127
\pst@dimd=\dimen128
\pst@dimg=\dimen129
\pst@dimh=\dimen130
\pst@dimm=\dimen131
\pst@dimn=\dimen132
\pst@dimo=\dimen133
\pst@dimp=\dimen134
\pst@hbox=\box29
\pst@ibox=\box30
\pst@boxg=\box31
\pst@cnta=\count145
\pst@cntb=\count146
\pst@cntc=\count147
\pst@cntd=\count148
\pst@cntg=\count149
\pst@cnth=\count150
\pst@cntm=\count151
\pst@cntn=\count152
\pst@cnto=\count153
\pst@cntp=\count154
\@zero=\count155
\pst@toks=\toks39
(/usr/local/texlive/2016/texmf-dist/tex/generic/pstricks/pstricks.con)
\psunit=\dimen135
\psxunit=\dimen136
\psyunit=\dimen137
\pst@C@@rType=\count156
\pslinewidth=\dimen138
\psk@startLW=\dimen139
\psk@endLW=\dimen140
\pst@customdefs=\toks40
\pslinearc=\dimen141
\pst@symbolStep=\dimen142
\pst@symbolWidth=\dimen143
\pst@symbolLinewidth=\dimen144
\everypsbox=\toks41
\psframesep=\dimen145
\pslabelsep=\dimen146
\sh@wgridXunit=\dimen147
\sh@wgridYunit=\dimen148
\pst@shift=\dimen149
)
File: pstricks.tex 2016/05/18 v2.66 `PSTricks' (tvz,hv)

(/usr/local/texlive/2016/texmf-dist/tex/generic/pstricks/pst-fp.tex)
File: pst-fp.tex 2016/05/18 v2.66 `PST-fp' (hv)
)
(/usr/local/texlive/2016/texmf-dist/tex/latex/sgame/sgamevar.sty
\sglabelsep=\skip58
\sgcolsep=\dimen150
\sg@colwd=\dimen151
\sg@xcolwd=\dimen152
\sg@colnum=\count157
\sg@colindex=\count158
\sg@numcols=\count159
\sg@xnumcols=\count160
\sg@rowindex=\count161
\sg@numrows=\count162
\sg@strutbox=\box32
\sg@tempsep=\dimen153
)
(/usr/local/texlive/2016/texmf-dist/tex/latex/egameps/egameps.sty
\egplayerlabelsep=\dimen154
\egplayerboxsep=\dimen155
\egactionlabelsep=\dimen156
\egactionboxsep=\dimen157
\egpayoffboxsep=\dimen158
\egpayofflabelsep=\dimen159
\@egxnum=\count163
\@egxxnum=\count164
\@egxxxnum=\count165
\@egxxxxnum=\count166
\@egynum=\count167
\@egyynum=\count168
\@egyyynum=\count169
\@egyyyynum=\count170
\@egrad=\dimen160
\@egxdim=\dimen161
\@egydim=\dimen162
\@@egxnum=\count171
\@@egxxnum=\count172
\@@egxxxnum=\count173
\@@egynum=\count174
\@@egyynum=\count175
\@@egyyynum=\count176
\@eghnum=\count177
\@egvnum=\count178
\@egabshnum=\count179
\@egabsvnum=\count180
\@eghdistance=\count181
\@tempcntx=\count182
\@tempcnty=\count183
\egalhshift=\count184
\egalvshift=\count185
)
(/usr/local/texlive/2016/texmf-dist/tex/latex/cite/chapterbib.sty
\c@inputfile=\count186
Package: chapterbib 2010/09/18  v 1.17
)
(/usr/local/texlive/2016/texmf-dist/tex/latex/graphics/graphicx.sty
Package: graphicx 2014/10/28 v1.0g Enhanced LaTeX Graphics (DPC,SPQR)

(/usr/local/texlive/2016/texmf-dist/tex/latex/graphics/graphics.sty
Package: graphics 2016/05/09 v1.0r Standard LaTeX Graphics (DPC,SPQR)

(/usr/local/texlive/2016/texmf-dist/tex/latex/graphics/trig.sty
Package: trig 2016/01/03 v1.10 sin cos tan (DPC)
)
(/usr/local/texlive/2016/texmf-dist/tex/latex/graphics-cfg/graphics.cfg
File: graphics.cfg 2016/01/02 v1.10 sample graphics configuration
)
Package graphics Info: Driver file: pdftex.def on input line 96.
)
\Gin@req@height=\dimen163
\Gin@req@width=\dimen164
)
(/usr/local/texlive/2016/texmf-dist/tex/latex/setspace/setspace.sty
Package: setspace 2011/12/19 v6.7a set line spacing
)
(/usr/local/texlive/2016/texmf-dist/tex/latex/cases/cases.sty
Package: cases 2002/05/02 ver 2.5 
)
(/usr/local/texlive/2016/texmf-dist/tex/latex/url/url.sty
\Urlmuskip=\muskip11
Package: url 2013/09/16  ver 3.4  Verb mode for urls, etc.
)
(/usr/local/texlive/2016/texmf-dist/tex/latex/placeins/placeins.sty
Package: placeins 2005/04/18  v 2.2
)
(/usr/local/texlive/2016/texmf-dist/tex/latex/tools/longtable.sty
Package: longtable 2014/10/28 v4.11 Multi-page Table package (DPC)
\LTleft=\skip59
\LTright=\skip60
\LTpre=\skip61
\LTpost=\skip62
\LTchunksize=\count187
\LTcapwidth=\dimen165
\LT@head=\box33
\LT@firsthead=\box34
\LT@foot=\box35
\LT@lastfoot=\box36
\LT@cols=\count188
\LT@rows=\count189
\c@LT@tables=\count190
\c@LT@chunks=\count191
\LT@p@ftn=\toks42
)
(/usr/local/texlive/2016/texmf-dist/tex/latex/tools/tabularx.sty
Package: tabularx 2016/02/03 v2.11 `tabularx' package (DPC)

(/usr/local/texlive/2016/texmf-dist/tex/latex/tools/array.sty
Package: array 2014/10/28 v2.4c Tabular extension package (FMi)
\col@sep=\dimen166
\extrarowheight=\dimen167
\NC@list=\toks43
\extratabsurround=\skip63
\backup@length=\skip64
)
\TX@col@width=\dimen168
\TX@old@table=\dimen169
\TX@old@col=\dimen170
\TX@target=\dimen171
\TX@delta=\dimen172
\TX@cols=\count192
\TX@ftn=\toks44
)
(/usr/local/texlive/2016/texmf-dist/tex/latex/caption/caption.sty
Package: caption 2016/02/21 v3.3-144 Customizing captions (AR)

(/usr/local/texlive/2016/texmf-dist/tex/latex/caption/caption3.sty
Package: caption3 2016/02/04 v1.7-139 caption3 kernel (AR)
Package caption3 Info: TeX engine: e-TeX on input line 67.
\captionmargin=\dimen173
\captionmargin@=\dimen174
\captionwidth=\dimen175
\caption@tempdima=\dimen176
\caption@indent=\dimen177
\caption@parindent=\dimen178
\caption@hangindent=\dimen179
)
\c@ContinuedFloat=\count193
Package caption Info: longtable package is loaded.

(/usr/local/texlive/2016/texmf-dist/tex/latex/caption/ltcaption.sty
Package: ltcaption 2013/06/09 v1.4-94 longtable captions (AR)
))
(/usr/local/texlive/2016/texmf-dist/tex/latex/threeparttable/threeparttable.sty
Package: threeparttable 2003/06/13  v 3.0
\@tempboxb=\box37
) (/usr/local/texlive/2016/texmf-dist/tex/latex/booktabs/booktabs.sty
Package: booktabs 2016/04/27 v1.618033 publication quality tables
\heavyrulewidth=\dimen180
\lightrulewidth=\dimen181
\cmidrulewidth=\dimen182
\belowrulesep=\dimen183
\belowbottomsep=\dimen184
\aboverulesep=\dimen185
\abovetopsep=\dimen186
\cmidrulesep=\dimen187
\cmidrulekern=\dimen188
\defaultaddspace=\dimen189
\@cmidla=\count194
\@cmidlb=\count195
\@aboverulesep=\dimen190
\@belowrulesep=\dimen191
\@thisruleclass=\count196
\@lastruleclass=\count197
\@thisrulewidth=\dimen192
)
(/usr/local/texlive/2016/texmf-dist/tex/latex/outlines/outlines.sty
Package: outlines 2012/1/23 1.1 Ch. Pecheur
)
(/usr/local/texlive/2016/texmf-dist/tex/latex/float/float.sty
Package: float 2001/11/08 v1.3d Float enhancements (AL)
\c@float@type=\count198
\float@exts=\toks45
\float@box=\box38
\@float@everytoks=\toks46
\@floatcapt=\box39
)
(/usr/local/texlive/2016/texmf-dist/tex/generic/mathabx/mathabx.sty
Package: mathabx 2003/07/29 v0.0 Non-standard LaTeX package mathabx
\symmatha=\mathgroup7
\symmathb=\mathgroup8
\symmathx=\mathgroup9

(/usr/local/texlive/2016/texmf-dist/tex/generic/mathabx/mathabx.dcl
LaTeX Font Info:    Redeclaring math symbol \cdotp on input line 25.
LaTeX Font Info:    Redeclaring math symbol \times on input line 33.
LaTeX Font Info:    Redeclaring math symbol \div on input line 34.
LaTeX Font Info:    Redeclaring math symbol \cdot on input line 35.
LaTeX Font Info:    Redeclaring math symbol \circ on input line 36.
LaTeX Font Info:    Redeclaring math symbol \ast on input line 38.
LaTeX Font Info:    Redeclaring math symbol \pm on input line 41.
LaTeX Font Info:    Redeclaring math symbol \mp on input line 42.
LaTeX Font Info:    Redeclaring math symbol \ltimes on input line 43.
LaTeX Font Info:    Redeclaring math symbol \rtimes on input line 44.
LaTeX Font Info:    Redeclaring math symbol \diamond on input line 45.
LaTeX Font Info:    Redeclaring math symbol \bullet on input line 46.
LaTeX Font Info:    Redeclaring math symbol \star on input line 47.
LaTeX Font Info:    Redeclaring math symbol \amalg on input line 51.
LaTeX Font Info:    Redeclaring math symbol \dotplus on input line 58.
LaTeX Font Info:    Redeclaring math symbol \square on input line 63.
LaTeX Font Info:    Redeclaring math symbol \divideontimes on input line 71.
LaTeX Font Info:    Redeclaring math symbol \bigstar on input line 75.
LaTeX Font Info:    Redeclaring math symbol \equiv on input line 83.
LaTeX Font Info:    Redeclaring math symbol \sim on input line 84.
LaTeX Font Info:    Redeclaring math symbol \approx on input line 85.
LaTeX Font Info:    Redeclaring math symbol \simeq on input line 86.
LaTeX Font Info:    Redeclaring math symbol \asymp on input line 89.
LaTeX Font Info:    Redeclaring math symbol \nsim on input line 97.
LaTeX Font Info:    Redeclaring math symbol \ncong on input line 100.
LaTeX Font Info:    Redeclaring math symbol \risingdotseq on input line 118.
LaTeX Font Info:    Redeclaring math symbol \fallingdotseq on input line 119.
LaTeX Font Info:    Redeclaring math symbol \circeq on input line 125.
LaTeX Font Info:    Redeclaring math symbol \eqcirc on input line 126.
LaTeX Font Info:    Redeclaring math symbol \triangleq on input line 127.
LaTeX Font Info:    Redeclaring math symbol \neg on input line 134.
LaTeX Font Info:    Redeclaring math symbol \ll on input line 136.
LaTeX Font Info:    Redeclaring math symbol \gg on input line 137.
LaTeX Font Info:    Redeclaring math symbol \vdash on input line 139.
LaTeX Font Info:    Redeclaring math symbol \dashv on input line 140.
LaTeX Font Info:    Redeclaring math symbol \nvdash on input line 141.
LaTeX Font Info:    Redeclaring math symbol \vDash on input line 143.
LaTeX Font Info:    Redeclaring math symbol \nvDash on input line 145.
LaTeX Font Info:    Redeclaring math symbol \Vdash on input line 147.
LaTeX Font Info:    Redeclaring math symbol \nVdash on input line 149.
LaTeX Font Info:    Redeclaring math symbol \flat on input line 158.
LaTeX Font Info:    Redeclaring math symbol \natural on input line 159.
LaTeX Font Info:    Redeclaring math symbol \sharp on input line 160.
LaTeX Font Info:    Redeclaring math symbol \infty on input line 161.
LaTeX Font Info:    Redeclaring math symbol \propto on input line 162.
LaTeX Font Info:    Redeclaring math symbol \dagger on input line 163.
LaTeX Font Info:    Redeclaring math symbol \ddagger on input line 164.
LaTeX Font Info:    Redeclaring math symbol \between on input line 170.
LaTeX Font Info:    Redeclaring math symbol \smile on input line 171.
LaTeX Font Info:    Redeclaring math symbol \frown on input line 172.
LaTeX Font Info:    Redeclaring math symbol \leftthreetimes on input line 174.
LaTeX Font Info:    Redeclaring math symbol \rightthreetimes on input line 175.

LaTeX Font Info:    Redeclaring math symbol \pitchfork on input line 176.
LaTeX Font Info:    Redeclaring math symbol \nVDash on input line 182.
LaTeX Font Info:    Redeclaring math symbol \Vvdash on input line 184.
LaTeX Font Info:    Redeclaring math symbol \therefore on input line 189.
LaTeX Font Info:    Redeclaring math symbol \because on input line 190.
LaTeX Font Info:    Redeclaring math symbol \measuredangle on input line 202.
LaTeX Font Info:    Redeclaring math symbol \sphericalangle on input line 203.
LaTeX Font Info:    Redeclaring math symbol \setminus on input line 218.
LaTeX Font Info:    Redeclaring math symbol \mid on input line 222.
LaTeX Font Info:    Redeclaring math symbol \forall on input line 279.
LaTeX Font Info:    Redeclaring math symbol \complement on input line 280.
LaTeX Font Info:    Redeclaring math symbol \partial on input line 281.
LaTeX Font Info:    Redeclaring math symbol \exists on input line 284.
LaTeX Font Info:    Redeclaring math symbol \nexists on input line 285.
LaTeX Font Info:    Redeclaring math symbol \Finv on input line 286.
LaTeX Font Info:    Redeclaring math symbol \Game on input line 287.
LaTeX Font Info:    Redeclaring math symbol \emptyset on input line 288.
LaTeX Font Info:    Redeclaring math symbol \top on input line 290.
LaTeX Font Info:    Redeclaring math symbol \bot on input line 291.
LaTeX Font Info:    Redeclaring math symbol \perp on input line 292.
LaTeX Font Info:    Redeclaring math symbol \curlywedge on input line 296.
LaTeX Font Info:    Redeclaring math symbol \curlyvee on input line 297.
LaTeX Font Info:    Redeclaring math symbol \in on input line 299.
LaTeX Font Info:    Redeclaring math symbol \owns on input line 300.
LaTeX Font Info:    Redeclaring math symbol \cap on input line 312.
LaTeX Font Info:    Redeclaring math symbol \cup on input line 313.
LaTeX Font Info:    Redeclaring math symbol \uplus on input line 314.
LaTeX Font Info:    Redeclaring math symbol \sqcap on input line 315.
LaTeX Font Info:    Redeclaring math symbol \sqcup on input line 316.
LaTeX Font Info:    Redeclaring math symbol \wedge on input line 318.
LaTeX Font Info:    Redeclaring math symbol \vee on input line 320.
LaTeX Font Info:    Redeclaring math symbol \barwedge on input line 327.
LaTeX Font Info:    Redeclaring math symbol \veebar on input line 328.
LaTeX Font Info:    Redeclaring math symbol \doublebarwedge on input line 329.
LaTeX Font Info:    Redeclaring math symbol \doublecap on input line 331.
LaTeX Font Info:    Redeclaring math symbol \doublecup on input line 333.
LaTeX Font Info:    Redeclaring math symbol \subset on input line 344.
LaTeX Font Info:    Redeclaring math symbol \supset on input line 345.
LaTeX Font Info:    Redeclaring math symbol \subseteq on input line 348.
LaTeX Font Info:    Redeclaring math symbol \supseteq on input line 349.
LaTeX Font Info:    Redeclaring math symbol \nsubseteq on input line 350.
LaTeX Font Info:    Redeclaring math symbol \nsupseteq on input line 351.
LaTeX Font Info:    Redeclaring math symbol \subsetneq on input line 352.
LaTeX Font Info:    Redeclaring math symbol \supsetneq on input line 353.
LaTeX Font Info:    Redeclaring math symbol \varsubsetneq on input line 354.
LaTeX Font Info:    Redeclaring math symbol \varsupsetneq on input line 355.
LaTeX Font Info:    Redeclaring math symbol \subseteqq on input line 357.
LaTeX Font Info:    Redeclaring math symbol \supseteqq on input line 358.
LaTeX Font Info:    Redeclaring math symbol \nsubseteqq on input line 359.
LaTeX Font Info:    Redeclaring math symbol \nsupseteqq on input line 360.
LaTeX Font Info:    Redeclaring math symbol \subsetneqq on input line 361.
LaTeX Font Info:    Redeclaring math symbol \supsetneqq on input line 362.
LaTeX Font Info:    Redeclaring math symbol \varsubsetneqq on input line 363.
LaTeX Font Info:    Redeclaring math symbol \varsupsetneqq on input line 364.
LaTeX Font Info:    Redeclaring math symbol \Subset on input line 366.
LaTeX Font Info:    Redeclaring math symbol \Supset on input line 367.
LaTeX Font Info:    Redeclaring math symbol \sqsubseteq on input line 380.
LaTeX Font Info:    Redeclaring math symbol \sqsupseteq on input line 381.
LaTeX Font Info:    Redeclaring math symbol \triangleleft on input line 407.
LaTeX Font Info:    Redeclaring math symbol \vartriangleleft on input line 408.

LaTeX Font Info:    Redeclaring math symbol \triangleright on input line 409.
LaTeX Font Info:    Redeclaring math symbol \vartriangleright on input line 410
.
LaTeX Font Info:    Redeclaring math symbol \ntriangleleft on input line 411.
LaTeX Font Info:    Redeclaring math symbol \ntriangleright on input line 412.
LaTeX Font Info:    Redeclaring math symbol \trianglelefteq on input line 413.
LaTeX Font Info:    Redeclaring math symbol \trianglerighteq on input line 414.

LaTeX Font Info:    Redeclaring math symbol \ntrianglelefteq on input line 415.

LaTeX Font Info:    Redeclaring math symbol \ntrianglerighteq on input line 416
.
LaTeX Font Info:    Redeclaring math symbol \blacktriangledown on input line 42
7.
LaTeX Font Info:    Redeclaring math symbol \blacktriangleleft on input line 42
8.
LaTeX Font Info:    Redeclaring math symbol \blacktriangleright on input line 4
29.
LaTeX Font Info:    Redeclaring math symbol \nless on input line 437.
LaTeX Font Info:    Redeclaring math symbol \ngtr on input line 438.
LaTeX Font Info:    Redeclaring math symbol \leq on input line 439.
LaTeX Font Info:    Redeclaring math symbol \geq on input line 441.
LaTeX Font Info:    Redeclaring math symbol \nleq on input line 443.
LaTeX Font Info:    Redeclaring math symbol \ngeq on input line 445.
LaTeX Font Info:    Redeclaring math symbol \lneq on input line 451.
LaTeX Font Info:    Redeclaring math symbol \gneq on input line 452.
LaTeX Font Info:    Redeclaring math symbol \leqq on input line 453.
LaTeX Font Info:    Redeclaring math symbol \geqq on input line 454.
LaTeX Font Info:    Redeclaring math symbol \nleqq on input line 455.
LaTeX Font Info:    Redeclaring math symbol \ngeqq on input line 456.
LaTeX Font Info:    Redeclaring math symbol \lneqq on input line 457.
LaTeX Font Info:    Redeclaring math symbol \gneqq on input line 458.
LaTeX Font Info:    Redeclaring math symbol \lvertneqq on input line 459.
LaTeX Font Info:    Redeclaring math symbol \gvertneqq on input line 460.
LaTeX Font Info:    Redeclaring math symbol \eqslantless on input line 461.
LaTeX Font Info:    Redeclaring math symbol \eqslantgtr on input line 462.
LaTeX Font Info:    Redeclaring math symbol \lessgtr on input line 465.
LaTeX Font Info:    Redeclaring math symbol \gtrless on input line 466.
LaTeX Font Info:    Redeclaring math symbol \lesseqgtr on input line 467.
LaTeX Font Info:    Redeclaring math symbol \gtreqless on input line 468.
LaTeX Font Info:    Redeclaring math symbol \lesseqqgtr on input line 469.
LaTeX Font Info:    Redeclaring math symbol \gtreqqless on input line 470.
LaTeX Font Info:    Redeclaring math symbol \lesssim on input line 472.
LaTeX Font Info:    Redeclaring math symbol \gtrsim on input line 473.
LaTeX Font Info:    Redeclaring math symbol \lnsim on input line 476.
LaTeX Font Info:    Redeclaring math symbol \gnsim on input line 477.
LaTeX Font Info:    Redeclaring math symbol \lessapprox on input line 478.
LaTeX Font Info:    Redeclaring math symbol \gtrapprox on input line 479.
LaTeX Font Info:    Redeclaring math symbol \lnapprox on input line 482.
LaTeX Font Info:    Redeclaring math symbol \gnapprox on input line 483.
LaTeX Font Info:    Redeclaring math symbol \lessdot on input line 485.
LaTeX Font Info:    Redeclaring math symbol \gtrdot on input line 486.
LaTeX Font Info:    Redeclaring math symbol \lll on input line 488.
LaTeX Font Info:    Redeclaring math symbol \ggg on input line 489.
LaTeX Font Info:    Redeclaring math symbol \prec on input line 498.
LaTeX Font Info:    Redeclaring math symbol \succ on input line 499.
LaTeX Font Info:    Redeclaring math symbol \nprec on input line 500.
LaTeX Font Info:    Redeclaring math symbol \nsucc on input line 501.
LaTeX Font Info:    Redeclaring math symbol \preccurlyeq on input line 502.
LaTeX Font Info:    Redeclaring math symbol \succcurlyeq on input line 503.
LaTeX Font Info:    Redeclaring math symbol \preceq on input line 506.
LaTeX Font Info:    Redeclaring math symbol \succeq on input line 507.
LaTeX Font Info:    Redeclaring math symbol \npreceq on input line 508.
LaTeX Font Info:    Redeclaring math symbol \nsucceq on input line 509.
LaTeX Font Info:    Redeclaring math symbol \curlyeqprec on input line 512.
LaTeX Font Info:    Redeclaring math symbol \curlyeqsucc on input line 513.
LaTeX Font Info:    Redeclaring math symbol \precsim on input line 517.
LaTeX Font Info:    Redeclaring math symbol \succsim on input line 518.
LaTeX Font Info:    Redeclaring math symbol \precnsim on input line 521.
LaTeX Font Info:    Redeclaring math symbol \succnsim on input line 522.
LaTeX Font Info:    Redeclaring math symbol \precapprox on input line 523.
LaTeX Font Info:    Redeclaring math symbol \succapprox on input line 524.
LaTeX Font Info:    Redeclaring math symbol \precnapprox on input line 527.
LaTeX Font Info:    Redeclaring math symbol \succnapprox on input line 528.
LaTeX Font Info:    Redeclaring math symbol \leftarrow on input line 540.
LaTeX Font Info:    Redeclaring math symbol \rightarrow on input line 542.
LaTeX Font Info:    Redeclaring math symbol \nwarrow on input line 546.
LaTeX Font Info:    Redeclaring math symbol \nearrow on input line 547.
LaTeX Font Info:    Redeclaring math symbol \swarrow on input line 548.
LaTeX Font Info:    Redeclaring math symbol \searrow on input line 549.
LaTeX Font Info:    Redeclaring math symbol \leftrightarrow on input line 550.
LaTeX Font Info:    Redeclaring math symbol \nleftarrow on input line 552.
LaTeX Font Info:    Redeclaring math symbol \nrightarrow on input line 553.
LaTeX Font Info:    Redeclaring math symbol \nleftrightarrow on input line 554.

LaTeX Font Info:    Redeclaring math symbol \mapstochar on input line 557.
LaTeX Font Info:    Redeclaring math symbol \leftharpoonup on input line 560.
LaTeX Font Info:    Redeclaring math symbol \rightharpoonup on input line 561.
LaTeX Font Info:    Redeclaring math symbol \leftharpoondown on input line 562.

LaTeX Font Info:    Redeclaring math symbol \rightharpoondown on input line 563
.
LaTeX Font Info:    Redeclaring math symbol \upharpoonleft on input line 564.
LaTeX Font Info:    Redeclaring math symbol \downharpoonleft on input line 565.

LaTeX Font Info:    Redeclaring math symbol \upharpoonright on input line 566.
LaTeX Font Info:    Redeclaring math symbol \restriction on input line 567.
LaTeX Font Info:    Redeclaring math symbol \downharpoonright on input line 568
.
LaTeX Font Info:    Redeclaring math symbol \leftrightharpoons on input line 56
9.
LaTeX Font Info:    Redeclaring math symbol \Leftarrow on input line 575.
LaTeX Font Info:    Redeclaring math symbol \Rightarrow on input line 576.
LaTeX Font Info:    Redeclaring math symbol \Leftrightarrow on input line 579.
LaTeX Font Info:    Redeclaring math symbol \nLeftarrow on input line 581.
LaTeX Font Info:    Redeclaring math symbol \nRightarrow on input line 582.
LaTeX Font Info:    Redeclaring math symbol \nLeftrightarrow on input line 583.

LaTeX Font Info:    Redeclaring math symbol \leftleftarrows on input line 593.
LaTeX Font Info:    Redeclaring math symbol \rightrightarrows on input line 594
.
LaTeX Font Info:    Redeclaring math symbol \upuparrows on input line 595.
LaTeX Font Info:    Redeclaring math symbol \downdownarrows on input line 596.
LaTeX Font Info:    Redeclaring math symbol \leftrightarrows on input line 597.

LaTeX Font Info:    Redeclaring math symbol \rightleftarrows on input line 598.

LaTeX Font Info:    Redeclaring math symbol \rhook on input line 612.
LaTeX Font Info:    Redeclaring math symbol \lhook on input line 613.
LaTeX Font Info:    Redeclaring math symbol \diagup on input line 614.
LaTeX Font Info:    Redeclaring math symbol \diagdown on input line 615.
LaTeX Font Info:    Redeclaring math symbol \Lsh on input line 617.
LaTeX Font Info:    Redeclaring math symbol \Rsh on input line 619.
LaTeX Font Info:    Redeclaring math symbol \looparrowleft on input line 624.
LaTeX Font Info:    Redeclaring math symbol \looparrowright on input line 626.
LaTeX Font Info:    Redeclaring math symbol \curvearrowleft on input line 631.
LaTeX Font Info:    Redeclaring math symbol \curvearrowright on input line 633.

LaTeX Font Info:    Redeclaring math symbol \circlearrowleft on input line 641.

LaTeX Font Info:    Redeclaring math symbol \circlearrowright on input line 642
.
LaTeX Font Info:    Redeclaring math symbol \rightsquigarrow on input line 645.

LaTeX Font Info:    Redeclaring math symbol \leftrightsquigarrow on input line 
646.
LaTeX Font Info:    Redeclaring math symbol \oplus on input line 658.
LaTeX Font Info:    Redeclaring math symbol \ominus on input line 659.
LaTeX Font Info:    Redeclaring math symbol \otimes on input line 661.
LaTeX Font Info:    Redeclaring math symbol \odot on input line 663.
LaTeX Font Info:    Redeclaring math symbol \oslash on input line 675.
LaTeX Font Info:    Redeclaring math symbol \boxplus on input line 683.
LaTeX Font Info:    Redeclaring math symbol \boxminus on input line 684.
LaTeX Font Info:    Redeclaring math symbol \boxtimes on input line 686.
LaTeX Font Info:    Redeclaring math symbol \boxdot on input line 688.
\mayacnter=\count199
\mayacnta=\count266
\mayacntb=\count267
\mayacntc=\count268
\mayawidth=\dimen193
LaTeX Font Info:    Redeclaring math symbol \intop on input line 753.
LaTeX Font Info:    Redeclaring math symbol \ointop on input line 760.
LaTeX Font Info:    Redeclaring math delimiter \lbrace on input line 842.
LaTeX Info: Redefining \{ on input line 846.
LaTeX Font Info:    Redeclaring math delimiter \rbrace on input line 848.
LaTeX Info: Redefining \} on input line 852.
LaTeX Font Info:    Redeclaring math delimiter \langle on input line 858.
LaTeX Font Info:    Redeclaring math delimiter \rangle on input line 859.
LaTeX Font Info:    Redeclaring math delimiter \vert on input line 863.
LaTeX Font Info:    Redeclaring math delimiter \Vert on input line 865.
LaTeX Font Info:    Redeclaring math delimiter \uparrow on input line 868.
LaTeX Font Info:    Redeclaring math delimiter \downarrow on input line 869.
LaTeX Font Info:    Redeclaring math delimiter \updownarrow on input line 870.
LaTeX Font Info:    Redeclaring math delimiter \Uparrow on input line 871.
LaTeX Font Info:    Redeclaring math delimiter \Downarrow on input line 872.
LaTeX Font Info:    Redeclaring math delimiter \Updownarrow on input line 873.
LaTeX Font Info:    Redeclaring math delimiter \lgroup on input line 880.
LaTeX Font Info:    Redeclaring math delimiter \rgroup on input line 881.
LaTeX Font Info:    Redeclaring math delimiter \lceil on input line 882.
LaTeX Font Info:    Redeclaring math delimiter \rceil on input line 883.
LaTeX Font Info:    Redeclaring math delimiter \lfloor on input line 884.
LaTeX Font Info:    Redeclaring math delimiter \rfloor on input line 885.
LaTeX Font Info:    Redeclaring math symbol \braceld on input line 903.
LaTeX Font Info:    Redeclaring math symbol \bracerd on input line 905.
LaTeX Font Info:    Redeclaring math symbol \bracelu on input line 907.
LaTeX Font Info:    Redeclaring math symbol \braceru on input line 909.
LaTeX Font Info:    Redeclaring math accent \widehat on input line 944.
LaTeX Font Info:    Redeclaring math accent \widetilde on input line 946.
))
(/usr/local/texlive/2016/texmf-dist/tex/latex/hyperref/hyperref.sty
Package: hyperref 2016/05/05 v6.83n Hypertext links for LaTeX

(/usr/local/texlive/2016/texmf-dist/tex/generic/oberdiek/hobsub-hyperref.sty
Package: hobsub-hyperref 2016/05/16 v1.14 Bundle oberdiek, subset hyperref (HO)


(/usr/local/texlive/2016/texmf-dist/tex/generic/oberdiek/hobsub-generic.sty
Package: hobsub-generic 2016/05/16 v1.14 Bundle oberdiek, subset generic (HO)
Package: hobsub 2016/05/16 v1.14 Construct package bundles (HO)
Package hobsub Info: Skipping package `infwarerr' (already loaded).
Package hobsub Info: Skipping package `ltxcmds' (already loaded).
Package: ifluatex 2016/05/16 v1.4 Provides the ifluatex switch (HO)
Package ifluatex Info: LuaTeX not detected.
Package: ifvtex 2016/05/16 v1.6 Detect VTeX and its facilities (HO)
Package ifvtex Info: VTeX not detected.
Package: intcalc 2016/05/16 v1.2 Expandable calculations with integers (HO)
Package: ifpdf 2016/05/14 v3.1 Provides the ifpdf switch
Package: etexcmds 2016/05/16 v1.6 Avoid name clashes with e-TeX commands (HO)
Package etexcmds Info: Could not find \expanded.
(etexcmds)             That can mean that you are not using pdfTeX 1.50 or
(etexcmds)             that some package has redefined \expanded.
(etexcmds)             In the latter case, load this package earlier.
Package: kvsetkeys 2016/05/16 v1.17 Key value parser (HO)
Package: kvdefinekeys 2016/05/16 v1.4 Define keys (HO)
Package: pdftexcmds 2016/05/10 v0.21 Utility functions of pdfTeX for LuaTeX (HO
)
Package pdftexcmds Info: LuaTeX not detected.
Package pdftexcmds Info: \pdf@primitive is available.
Package pdftexcmds Info: \pdf@ifprimitive is available.
Package pdftexcmds Info: \pdfdraftmode found.
Package: pdfescape 2016/05/16 v1.14 Implements pdfTeX's escape features (HO)
Package: bigintcalc 2016/05/16 v1.4 Expandable calculations on big integers (HO
)
Package: bitset 2016/05/16 v1.2 Handle bit-vector datatype (HO)
Package: uniquecounter 2016/05/16 v1.3 Provide unlimited unique counter (HO)
)
Package hobsub Info: Skipping package `hobsub' (already loaded).
Package: letltxmacro 2016/05/16 v1.5 Let assignment for LaTeX macros (HO)
Package: hopatch 2016/05/16 v1.3 Wrapper for package hooks (HO)
Package: xcolor-patch 2016/05/16 xcolor patch
Package: atveryend 2016/05/16 v1.9 Hooks at the very end of document (HO)
Package: atbegshi 2016/05/16 v1.17 At begin shipout hook (HO)
Package: refcount 2016/05/16 v3.5 Data extraction from label references (HO)
Package: hycolor 2016/05/16 v1.8 Color options for hyperref/bookmark (HO)
)
(/usr/local/texlive/2016/texmf-dist/tex/latex/oberdiek/auxhook.sty
Package: auxhook 2016/05/16 v1.4 Hooks for auxiliary files (HO)
)
(/usr/local/texlive/2016/texmf-dist/tex/latex/oberdiek/kvoptions.sty
Package: kvoptions 2016/05/16 v3.12 Key value format for package options (HO)
)
\@linkdim=\dimen194
\Hy@linkcounter=\count269
\Hy@pagecounter=\count270

(/usr/local/texlive/2016/texmf-dist/tex/latex/hyperref/pd1enc.def
File: pd1enc.def 2016/05/05 v6.83n Hyperref: PDFDocEncoding definition (HO)
)
\Hy@SavedSpaceFactor=\count271

(/usr/local/texlive/2016/texmf-dist/tex/latex/latexconfig/hyperref.cfg
File: hyperref.cfg 2002/06/06 v1.2 hyperref configuration of TeXLive
)
Package hyperref Info: Option `breaklinks' set `true' on input line 4322.
Package hyperref Info: Hyper figures OFF on input line 4446.
Package hyperref Info: Link nesting OFF on input line 4451.
Package hyperref Info: Hyper index ON on input line 4454.
Package hyperref Info: Plain pages OFF on input line 4461.
Package hyperref Info: Backreferencing OFF on input line 4466.
Package hyperref Info: Implicit mode ON; LaTeX internals redefined.
Package hyperref Info: Bookmarks ON on input line 4691.
\c@Hy@tempcnt=\count272
LaTeX Info: Redefining \url on input line 5044.
\XeTeXLinkMargin=\dimen195
\Fld@menulength=\count273
\Field@Width=\dimen196
\Fld@charsize=\dimen197
Package hyperref Info: Hyper figures OFF on input line 6298.
Package hyperref Info: Link nesting OFF on input line 6303.
Package hyperref Info: Hyper index ON on input line 6306.
Package hyperref Info: backreferencing OFF on input line 6313.
Package hyperref Info: Link coloring OFF on input line 6318.
Package hyperref Info: Link coloring with OCG OFF on input line 6323.
Package hyperref Info: PDF/A mode OFF on input line 6328.
LaTeX Info: Redefining \ref on input line 6368.
LaTeX Info: Redefining \pageref on input line 6372.
\Hy@abspage=\count274
\c@Item=\count275
\c@Hfootnote=\count276
)

Package hyperref Message: Driver (autodetected): hpdftex.

(/usr/local/texlive/2016/texmf-dist/tex/latex/hyperref/hpdftex.def
File: hpdftex.def 2016/05/05 v6.83n Hyperref driver for pdfTeX
\Fld@listcount=\count277
\c@bookmark@seq@number=\count278

(/usr/local/texlive/2016/texmf-dist/tex/latex/oberdiek/rerunfilecheck.sty
Package: rerunfilecheck 2016/05/16 v1.8 Rerun checks for auxiliary files (HO)
Package uniquecounter Info: New unique counter `rerunfilecheck' on input line 2
82.
)
\Hy@SectionHShift=\skip65
)
(/usr/local/texlive/2016/texmf-dist/tex/latex/preprint/authblk.sty
Package: authblk 2001/02/27 1.3 (PWD)
\affilsep=\skip66
\@affilsep=\skip67
\c@Maxaffil=\count279
\c@authors=\count280
\c@affil=\count281
)
(/usr/local/texlive/2016/texmf-dist/tex/latex/apacite/apacite.sty
Package: apacite 2013/07/21 v6.03 APA citation
\c@BibCnt=\count282
\bibleftmargin=\skip68
\bibindent=\skip69
\bibparsep=\skip70
\bibitemsep=\skip71
\biblabelsep=\skip72
)
\c@assumption=\count283
\c@definition=\count284

(./Paper_2019_February_v2.aux

LaTeX Warning: Label `ftransitions10' multiply defined.


LaTeX Warning: Label `ftransitions17' multiply defined.


LaTeX Warning: Label `ftransitions35' multiply defined.


LaTeX Warning: Label `ftransitions51' multiply defined.


LaTeX Warning: Label `ftransitions83' multiply defined.


LaTeX Warning: Label `tab:prelim1' multiply defined.


LaTeX Warning: Label `tab:prelim1' multiply defined.


LaTeX Warning: Label `tab:prelim1' multiply defined.


LaTeX Warning: Label `tab:prelim1' multiply defined.


LaTeX Warning: Label `tab:prelim1' multiply defined.

)
\openout1 = `Paper_2019_February_v2.aux'.

LaTeX Font Info:    Checking defaults for OML/cmm/m/it on input line 62.
LaTeX Font Info:    ... okay on input line 62.
LaTeX Font Info:    Checking defaults for T1/cmr/m/n on input line 62.
LaTeX Font Info:    ... okay on input line 62.
LaTeX Font Info:    Checking defaults for OT1/cmr/m/n on input line 62.
LaTeX Font Info:    ... okay on input line 62.
LaTeX Font Info:    Checking defaults for OMS/cmsy/m/n on input line 62.
LaTeX Font Info:    ... okay on input line 62.
LaTeX Font Info:    Checking defaults for OMX/cmex/m/n on input line 62.
LaTeX Font Info:    ... okay on input line 62.
LaTeX Font Info:    Checking defaults for U/mathx/m/n on input line 62.
LaTeX Font Info:    ... okay on input line 62.
LaTeX Font Info:    Checking defaults for PD1/pdf/m/n on input line 62.
LaTeX Font Info:    ... okay on input line 62.
 (/usr/local/texlive/2016/texmf-dist/tex/context/base/mkii/supp-pdf.mkii
[Loading MPS to PDF converter (version 2006.09.02).]
\scratchcounter=\count285
\scratchdimen=\dimen198
\scratchbox=\box40
\nofMPsegments=\count286
\nofMParguments=\count287
\everyMPshowfont=\toks47
\MPscratchCnt=\count288
\MPscratchDim=\dimen199
\MPnumerator=\count289
\makeMPintoPDFobject=\count290
\everyMPtoPDFconversion=\toks48
) (/usr/local/texlive/2016/texmf-dist/tex/latex/oberdiek/epstopdf-base.sty
Package: epstopdf-base 2016/05/15 v2.6 Base part for package epstopdf

(/usr/local/texlive/2016/texmf-dist/tex/latex/oberdiek/grfext.sty
Package: grfext 2016/05/16 v1.2 Manage graphics extensions (HO)
)
Package grfext Info: Graphics extension search list:
(grfext)             [.png,.pdf,.jpg,.mps,.jpeg,.jbig2,.jb2,.PNG,.PDF,.JPG,.JPE
G,.JBIG2,.JB2,.eps]
(grfext)             \AppendGraphicsExtensions on input line 456.

(/usr/local/texlive/2016/texmf-dist/tex/latex/latexconfig/epstopdf-sys.cfg
File: epstopdf-sys.cfg 2010/07/13 v1.3 Configuration of (r)epstopdf for TeX Liv
e
))
Package caption Info: Begin \AtBeginDocument code.
Package caption Info: float package is loaded.
Package caption Info: hyperref package is loaded.
Package caption Info: threeparttable package is loaded.
Package caption Info: End \AtBeginDocument code.
\AtBeginShipoutBox=\box41
Package hyperref Info: Link coloring OFF on input line 62.

(/usr/local/texlive/2016/texmf-dist/tex/latex/hyperref/nameref.sty
Package: nameref 2012/10/27 v2.43 Cross-referencing by name of section

(/usr/local/texlive/2016/texmf-dist/tex/generic/oberdiek/gettitlestring.sty
Package: gettitlestring 2016/05/16 v1.5 Cleanup title references (HO)
)
\c@section@level=\count291
)
LaTeX Info: Redefining \ref on input line 62.
LaTeX Info: Redefining \pageref on input line 62.
LaTeX Info: Redefining \nameref on input line 62.

(./Paper_2019_February_v2.out) (./Paper_2019_February_v2.out)
\@outlinefile=\write3
\openout3 = `Paper_2019_February_v2.out'.

\c@maskedRefs=\count292

(/usr/local/texlive/2016/texmf-dist/tex/latex/apacite/english.apc
File: english.apc 2013/07/21 v6.03 apacite language file
LaTeX Info: Redefining \BPBI on input line 129.
LaTeX Info: Redefining \BHBI on input line 130.
)
LaTeX Font Info:    Try loading font information for U+msa on input line 66.

(/usr/local/texlive/2016/texmf-dist/tex/latex/amsfonts/umsa.fd
File: umsa.fd 2013/01/14 v3.01 AMS symbols A
)
LaTeX Font Info:    Try loading font information for U+msb on input line 66.

(/usr/local/texlive/2016/texmf-dist/tex/latex/amsfonts/umsb.fd
File: umsb.fd 2013/01/14 v3.01 AMS symbols B
)
LaTeX Font Info:    Try loading font information for U+rsfs on input line 66.

(/usr/local/texlive/2016/texmf-dist/tex/latex/jknapltx/ursfs.fd
File: ursfs.fd 1998/03/24 rsfs font definition file (jk)
)
LaTeX Font Info:    Try loading font information for OMS+cmr on input line 66.

(/usr/local/texlive/2016/texmf-dist/tex/latex/base/omscmr.fd
File: omscmr.fd 2014/09/29 v2.5h Standard LaTeX font definitions
)
LaTeX Font Info:    Font shape `OMS/cmr/m/n' in size <8> not available
(Font)              Font shape `OMS/cmsy/m/n' tried instead on input line 66.
LaTeX Font Info:    Font shape `OMS/cmr/m/n' in size <6> not available
(Font)              Font shape `OMS/cmsy/m/n' tried instead on input line 66.
 [1
Non-PDF special ignored!
Non-PDF special ignored!
Non-PDF special ignored!
Non-PDF special ignored!


Non-PDF special ignored!
Non-PDF special ignored!
Non-PDF special ignored!{/usr/local/texlive/2016/texmf-var/fonts/map/pdftex/upd
map/pdftex.map}] (./Paper_2019_February_v2.toc [2])
\tf@toc=\write4
\openout4 = `Paper_2019_February_v2.toc'.

 [3] [1] [2] [3] [4]
[5] [6] [7] [8] [9] [10] [11] [12] [13] [14] [15] [16] [17] [18] [19] [20]
[21] [22] [23] [24]
Missing character: There is no Ì in font cmr10!
Missing character: There is no § in font cmr10!
 [25] [26] [27]

LaTeX Warning: Reference `PSID' on page 28 undefined on input line 1117.

[28] [29]
Overfull \hbox (0.50972pt too wide) in paragraph at lines 1188--1189
[]\OT1/cmr/m/n/10 Graphical rep-re-sen-ta-tion of the pref-er-ence struc-ture u
n-der the as-sump-tion of lin-ear, quadratic
 []

[30] [31] [32] [33] [34] [35] [36] [37] [38]
<"/Users/Miriam/Box Sync/TYPlocal/output/graphs/matlabwages/offerwages_occfinal
8reg1trunc_1960_v3".png, id=808, 578.16pt x 433.62pt>
File: "/Users/Miriam/Box Sync/TYPlocal/output/graphs/matlabwages/offerwages_occ
final8reg1trunc_1960_v3".png Graphic file (type png)

<use "/Users/Miriam/Box Sync/TYPlocal/output/graphs/matlabwages/offerwages_occf
inal8reg1trunc_1960_v3".png>
Package pdftex.def Info: "/Users/Miriam/Box Sync/TYPlocal/output/graphs/matlabw
ages/offerwages_occfinal8reg1trunc_1960_v3".png used on input line 1756.
(pdftex.def)             Requested size: 328.82706pt x 246.61679pt.

<"/Users/Miriam/Box Sync/TYPlocal/output/graphs/matlabwages/offerwages_occfinal
18reg1trunc_1960_v3".png, id=809, 578.16pt x 433.62pt>
File: "/Users/Miriam/Box Sync/TYPlocal/output/graphs/matlabwages/offerwages_occ
final18reg1trunc_1960_v3".png Graphic file (type png)

<use "/Users/Miriam/Box Sync/TYPlocal/output/graphs/matlabwages/offerwages_occf
inal18reg1trunc_1960_v3".png>
Package pdftex.def Info: "/Users/Miriam/Box Sync/TYPlocal/output/graphs/matlabw
ages/offerwages_occfinal18reg1trunc_1960_v3".png used on input line 1764.
(pdftex.def)             Requested size: 328.82706pt x 246.61679pt.

<"/Users/Miriam/Box Sync/TYPlocal/output/graphs/Prefs_linear_quadratic_cubic_da
shed".png, id=810, 931.98187pt x 677.53125pt>
File: "/Users/Miriam/Box Sync/TYPlocal/output/graphs/Prefs_linear_quadratic_cub
ic_dashed".png Graphic file (type png)

<use "/Users/Miriam/Box Sync/TYPlocal/output/graphs/Prefs_linear_quadratic_cubi
c_dashed".png>
Package pdftex.def Info: "/Users/Miriam/Box Sync/TYPlocal/output/graphs/Prefs_l
inear_quadratic_cubic_dashed".png used on input line 1771.
(pdftex.def)             Requested size: 375.80542pt x 273.1994pt.
 [39

 </Users/Miriam/Box Sync/TYPlocal/output/graphs/matlabwages/offerwages_occfinal
8reg1trunc_1960_v3.png (PNG copy)> </Users/Miriam/Box Sync/TYPlocal/output/grap
hs/matlabwages/offerwages_occfinal18reg1trunc_1960_v3.png (PNG copy)>]
<"/Users/Miriam/Box Sync/TYPlocal/output/graphs/Final_v2_clinv2_nowW_occ61".png
, id=817, 736.7525pt x 536.0025pt>
File: "/Users/Miriam/Box Sync/TYPlocal/output/graphs/Final_v2_clinv2_nowW_occ61
".png Graphic file (type png)

<use "/Users/Miriam/Box Sync/TYPlocal/output/graphs/Final_v2_clinv2_nowW_occ61"
.png>
Package pdftex.def Info: "/Users/Miriam/Box Sync/TYPlocal/output/graphs/Final_v
2_clinv2_nowW_occ61".png used on input line 1789.
(pdftex.def)             Requested size: 375.80542pt x 273.39854pt.

<"/Users/Miriam/Box Sync/TYPlocal/output/graphs/Final_v2_clinv2_nowW_occ62".png
, id=818, 736.7525pt x 536.0025pt>
File: "/Users/Miriam/Box Sync/TYPlocal/output/graphs/Final_v2_clinv2_nowW_occ62
".png Graphic file (type png)

<use "/Users/Miriam/Box Sync/TYPlocal/output/graphs/Final_v2_clinv2_nowW_occ62"
.png>
Package pdftex.def Info: "/Users/Miriam/Box Sync/TYPlocal/output/graphs/Final_v
2_clinv2_nowW_occ62".png used on input line 1795.
(pdftex.def)             Requested size: 375.80542pt x 273.39854pt.
 [40 </Users/Miriam/Box Sync/TYPlocal/output/graphs/Prefs_linear_quadratic_cubi
c_dashed.png>]
<"/Users/Miriam/Box Sync/TYPlocal/output/graphs/Final_v2_clinv2_nowW_occ63".png
, id=825, 736.7525pt x 536.0025pt>
File: "/Users/Miriam/Box Sync/TYPlocal/output/graphs/Final_v2_clinv2_nowW_occ63
".png Graphic file (type png)

<use "/Users/Miriam/Box Sync/TYPlocal/output/graphs/Final_v2_clinv2_nowW_occ63"
.png>
Package pdftex.def Info: "/Users/Miriam/Box Sync/TYPlocal/output/graphs/Final_v
2_clinv2_nowW_occ63".png used on input line 1801.
(pdftex.def)             Requested size: 375.80542pt x 273.39854pt.

<"/Users/Miriam/Box Sync/TYPlocal/output/graphs/Final_v2_clinv2_nowW_occ64".png
, id=826, 736.7525pt x 536.0025pt>
File: "/Users/Miriam/Box Sync/TYPlocal/output/graphs/Final_v2_clinv2_nowW_occ64
".png Graphic file (type png)

<use "/Users/Miriam/Box Sync/TYPlocal/output/graphs/Final_v2_clinv2_nowW_occ64"
.png>
Package pdftex.def Info: "/Users/Miriam/Box Sync/TYPlocal/output/graphs/Final_v
2_clinv2_nowW_occ64".png used on input line 1807.
(pdftex.def)             Requested size: 375.80542pt x 273.39854pt.
 [41 </Users/Miriam/Box Sync/TYPlocal/output/graphs/Final_v2_clinv2_nowW_occ61.
png> </Users/Miriam/Box Sync/TYPlocal/output/graphs/Final_v2_clinv2_nowW_occ62.
png>]
<"/Users/Miriam/Box Sync/TYPlocal/output/graphs/Final_v2_clinv2_f_occ61".png, i
d=834, 736.7525pt x 536.0025pt>
File: "/Users/Miriam/Box Sync/TYPlocal/output/graphs/Final_v2_clinv2_f_occ61".p
ng Graphic file (type png)

<use "/Users/Miriam/Box Sync/TYPlocal/output/graphs/Final_v2_clinv2_f_occ61".pn
g>
Package pdftex.def Info: "/Users/Miriam/Box Sync/TYPlocal/output/graphs/Final_v
2_clinv2_f_occ61".png used on input line 1816.
(pdftex.def)             Requested size: 375.80542pt x 273.39854pt.

<"/Users/Miriam/Box Sync/TYPlocal/output/graphs/Final_v2_clinv2_f_occ62".png, i
d=835, 736.7525pt x 536.0025pt>
File: "/Users/Miriam/Box Sync/TYPlocal/output/graphs/Final_v2_clinv2_f_occ62".p
ng Graphic file (type png)

<use "/Users/Miriam/Box Sync/TYPlocal/output/graphs/Final_v2_clinv2_f_occ62".pn
g>
Package pdftex.def Info: "/Users/Miriam/Box Sync/TYPlocal/output/graphs/Final_v
2_clinv2_f_occ62".png used on input line 1822.
(pdftex.def)             Requested size: 375.80542pt x 273.39854pt.
 [42 </Users/Miriam/Box Sync/TYPlocal/output/graphs/Final_v2_clinv2_nowW_occ63.
png> </Users/Miriam/Box Sync/TYPlocal/output/graphs/Final_v2_clinv2_nowW_occ64.
png>]
<"/Users/Miriam/Box Sync/TYPlocal/output/graphs/Final_v2_clinv2_f_occ63".png, i
d=843, 736.7525pt x 536.0025pt>
File: "/Users/Miriam/Box Sync/TYPlocal/output/graphs/Final_v2_clinv2_f_occ63".p
ng Graphic file (type png)

<use "/Users/Miriam/Box Sync/TYPlocal/output/graphs/Final_v2_clinv2_f_occ63".pn
g>
Package pdftex.def Info: "/Users/Miriam/Box Sync/TYPlocal/output/graphs/Final_v
2_clinv2_f_occ63".png used on input line 1828.
(pdftex.def)             Requested size: 375.80542pt x 273.39854pt.

<"/Users/Miriam/Box Sync/TYPlocal/output/graphs/Final_v2_clinv2_f_occ64".png, i
d=844, 736.7525pt x 536.0025pt>
File: "/Users/Miriam/Box Sync/TYPlocal/output/graphs/Final_v2_clinv2_f_occ64".p
ng Graphic file (type png)

<use "/Users/Miriam/Box Sync/TYPlocal/output/graphs/Final_v2_clinv2_f_occ64".pn
g>
Package pdftex.def Info: "/Users/Miriam/Box Sync/TYPlocal/output/graphs/Final_v
2_clinv2_f_occ64".png used on input line 1834.
(pdftex.def)             Requested size: 375.80542pt x 273.39854pt.
 [43 </Users/Miriam/Box Sync/TYPlocal/output/graphs/Final_v2_clinv2_f_occ61.png
> </Users/Miriam/Box Sync/TYPlocal/output/graphs/Final_v2_clinv2_f_occ62.png>]
<"/Users/Miriam/Box Sync/TYPlocal/output/graphs/Splot_occ_10v3".png, id=852, 60
4.75937pt x 439.6425pt>
File: "/Users/Miriam/Box Sync/TYPlocal/output/graphs/Splot_occ_10v3".png Graphi
c file (type png)

<use "/Users/Miriam/Box Sync/TYPlocal/output/graphs/Splot_occ_10v3".png>
Package pdftex.def Info: "/Users/Miriam/Box Sync/TYPlocal/output/graphs/Splot_o
cc_10v3".png used on input line 1844.
(pdftex.def)             Requested size: 281.85585pt x 204.90123pt.

[44 </Users/Miriam/Box Sync/TYPlocal/output/graphs/Final_v2_clinv2_f_occ63.png>
 </Users/Miriam/Box Sync/TYPlocal/output/graphs/Final_v2_clinv2_f_occ64.png>]
<"/Users/Miriam/Box Sync/TYPlocal/output/graphs/Splot_occ_17v3".png, id=860, 60
4.75937pt x 439.6425pt>
File: "/Users/Miriam/Box Sync/TYPlocal/output/graphs/Splot_occ_17v3".png Graphi
c file (type png)

<use "/Users/Miriam/Box Sync/TYPlocal/output/graphs/Splot_occ_17v3".png>
Package pdftex.def Info: "/Users/Miriam/Box Sync/TYPlocal/output/graphs/Splot_o
cc_17v3".png used on input line 1851.
(pdftex.def)             Requested size: 281.85585pt x 204.90123pt.

<"/Users/Miriam/Box Sync/TYPlocal/output/graphs/Splot_occ_35v3".png, id=861, 60
4.75937pt x 439.6425pt>
File: "/Users/Miriam/Box Sync/TYPlocal/output/graphs/Splot_occ_35v3".png Graphi
c file (type png)

<use "/Users/Miriam/Box Sync/TYPlocal/output/graphs/Splot_occ_35v3".png>
Package pdftex.def Info: "/Users/Miriam/Box Sync/TYPlocal/output/graphs/Splot_o
cc_35v3".png used on input line 1858.
(pdftex.def)             Requested size: 281.85585pt x 204.90123pt.

[45 </Users/Miriam/Box Sync/TYPlocal/output/graphs/Splot_occ_10v3.png> </Users/
Miriam/Box Sync/TYPlocal/output/graphs/Splot_occ_17v3.png>]
<"/Users/Miriam/Box Sync/TYPlocal/output/graphs/Splot_occ_51v3".png, id=869, 60
4.75937pt x 439.6425pt>
File: "/Users/Miriam/Box Sync/TYPlocal/output/graphs/Splot_occ_51v3".png Graphi
c file (type png)

<use "/Users/Miriam/Box Sync/TYPlocal/output/graphs/Splot_occ_51v3".png>
Package pdftex.def Info: "/Users/Miriam/Box Sync/TYPlocal/output/graphs/Splot_o
cc_51v3".png used on input line 1865.
(pdftex.def)             Requested size: 281.85585pt x 204.90123pt.

<"/Users/Miriam/Box Sync/TYPlocal/output/graphs/Splot_occ_83v3".png, id=870, 60
4.75937pt x 439.6425pt>
File: "/Users/Miriam/Box Sync/TYPlocal/output/graphs/Splot_occ_83v3".png Graphi
c file (type png)

<use "/Users/Miriam/Box Sync/TYPlocal/output/graphs/Splot_occ_83v3".png>
Package pdftex.def Info: "/Users/Miriam/Box Sync/TYPlocal/output/graphs/Splot_o
cc_83v3".png used on input line 1872.
(pdftex.def)             Requested size: 281.85585pt x 204.90123pt.

[46 </Users/Miriam/Box Sync/TYPlocal/output/graphs/Splot_occ_35v3.png> </Users/
Miriam/Box Sync/TYPlocal/output/graphs/Splot_occ_51v3.png>]
<"/Users/Miriam/Box Sync/TYPlocal/output/graphs/Splot_nowW_occ_10".png, id=880,
 604.75937pt x 439.6425pt>
File: "/Users/Miriam/Box Sync/TYPlocal/output/graphs/Splot_nowW_occ_10".png Gra
phic file (type png)

<use "/Users/Miriam/Box Sync/TYPlocal/output/graphs/Splot_nowW_occ_10".png>
Package pdftex.def Info: "/Users/Miriam/Box Sync/TYPlocal/output/graphs/Splot_n
owW_occ_10".png used on input line 1880.
(pdftex.def)             Requested size: 281.85585pt x 204.90123pt.

<"/Users/Miriam/Box Sync/TYPlocal/output/graphs/Splot_nowW_occ_17".png, id=881,
 604.75937pt x 439.6425pt>
File: "/Users/Miriam/Box Sync/TYPlocal/output/graphs/Splot_nowW_occ_17".png Gra
phic file (type png)

<use "/Users/Miriam/Box Sync/TYPlocal/output/graphs/Splot_nowW_occ_17".png>
Package pdftex.def Info: "/Users/Miriam/Box Sync/TYPlocal/output/graphs/Splot_n
owW_occ_17".png used on input line 1887.
(pdftex.def)             Requested size: 281.85585pt x 204.90123pt.

[47 </Users/Miriam/Box Sync/TYPlocal/output/graphs/Splot_occ_83v3.png> </Users/
Miriam/Box Sync/TYPlocal/output/graphs/Splot_nowW_occ_10.png>]
<"/Users/Miriam/Box Sync/TYPlocal/output/graphs/Splot_nowW_occ_35".png, id=889,
 604.75937pt x 439.6425pt>
File: "/Users/Miriam/Box Sync/TYPlocal/output/graphs/Splot_nowW_occ_35".png Gra
phic file (type png)

<use "/Users/Miriam/Box Sync/TYPlocal/output/graphs/Splot_nowW_occ_35".png>
Package pdftex.def Info: "/Users/Miriam/Box Sync/TYPlocal/output/graphs/Splot_n
owW_occ_35".png used on input line 1894.
(pdftex.def)             Requested size: 281.85585pt x 204.90123pt.

<"/Users/Miriam/Box Sync/TYPlocal/output/graphs/Splot_nowW_occ_51".png, id=890,
 604.75937pt x 439.6425pt>
File: "/Users/Miriam/Box Sync/TYPlocal/output/graphs/Splot_nowW_occ_51".png Gra
phic file (type png)

<use "/Users/Miriam/Box Sync/TYPlocal/output/graphs/Splot_nowW_occ_51".png>
Package pdftex.def Info: "/Users/Miriam/Box Sync/TYPlocal/output/graphs/Splot_n
owW_occ_51".png used on input line 1901.
(pdftex.def)             Requested size: 281.85585pt x 204.90123pt.

[48 </Users/Miriam/Box Sync/TYPlocal/output/graphs/Splot_nowW_occ_17.png> </Use
rs/Miriam/Box Sync/TYPlocal/output/graphs/Splot_nowW_occ_35.png>]
<"/Users/Miriam/Box Sync/TYPlocal/output/graphs/Splot_nowW_occ_83".png, id=899,
 604.75937pt x 439.6425pt>
File: "/Users/Miriam/Box Sync/TYPlocal/output/graphs/Splot_nowW_occ_83".png Gra
phic file (type png)

<use "/Users/Miriam/Box Sync/TYPlocal/output/graphs/Splot_nowW_occ_83".png>
Package pdftex.def Info: "/Users/Miriam/Box Sync/TYPlocal/output/graphs/Splot_n
owW_occ_83".png used on input line 1908.
(pdftex.def)             Requested size: 281.85585pt x 204.90123pt.

<"/Users/Miriam/Box Sync/TYPlocal/output/graphs/Splot_occ_10double".png, id=900
, 604.75937pt x 439.6425pt>
File: "/Users/Miriam/Box Sync/TYPlocal/output/graphs/Splot_occ_10double".png Gr
aphic file (type png)

<use "/Users/Miriam/Box Sync/TYPlocal/output/graphs/Splot_occ_10double".png>
Package pdftex.def Info: "/Users/Miriam/Box Sync/TYPlocal/output/graphs/Splot_o
cc_10double".png used on input line 1917.
(pdftex.def)             Requested size: 281.85585pt x 204.90123pt.

[49 </Users/Miriam/Box Sync/TYPlocal/output/graphs/Splot_nowW_occ_51.png> </Use
rs/Miriam/Box Sync/TYPlocal/output/graphs/Splot_nowW_occ_83.png>]
<"/Users/Miriam/Box Sync/TYPlocal/output/graphs/Splot_occ_17double".png, id=909
, 604.75937pt x 439.6425pt>
File: "/Users/Miriam/Box Sync/TYPlocal/output/graphs/Splot_occ_17double".png Gr
aphic file (type png)

<use "/Users/Miriam/Box Sync/TYPlocal/output/graphs/Splot_occ_17double".png>
Package pdftex.def Info: "/Users/Miriam/Box Sync/TYPlocal/output/graphs/Splot_o
cc_17double".png used on input line 1924.
(pdftex.def)             Requested size: 281.85585pt x 204.90123pt.

<"/Users/Miriam/Box Sync/TYPlocal/output/graphs/Splot_occ_35double".png, id=910
, 604.75937pt x 439.6425pt>
File: "/Users/Miriam/Box Sync/TYPlocal/output/graphs/Splot_occ_35double".png Gr
aphic file (type png)

<use "/Users/Miriam/Box Sync/TYPlocal/output/graphs/Splot_occ_35double".png>
Package pdftex.def Info: "/Users/Miriam/Box Sync/TYPlocal/output/graphs/Splot_o
cc_35double".png used on input line 1931.
(pdftex.def)             Requested size: 281.85585pt x 204.90123pt.

[50 </Users/Miriam/Box Sync/TYPlocal/output/graphs/Splot_occ_10double.png> </Us
ers/Miriam/Box Sync/TYPlocal/output/graphs/Splot_occ_17double.png>]
<"/Users/Miriam/Box Sync/TYPlocal/output/graphs/Splot_occ_51double".png, id=918
, 604.75937pt x 439.6425pt>
File: "/Users/Miriam/Box Sync/TYPlocal/output/graphs/Splot_occ_51double".png Gr
aphic file (type png)

<use "/Users/Miriam/Box Sync/TYPlocal/output/graphs/Splot_occ_51double".png>
Package pdftex.def Info: "/Users/Miriam/Box Sync/TYPlocal/output/graphs/Splot_o
cc_51double".png used on input line 1938.
(pdftex.def)             Requested size: 281.85585pt x 204.90123pt.

<"/Users/Miriam/Box Sync/TYPlocal/output/graphs/Splot_occ_83double".png, id=919
, 604.75937pt x 439.6425pt>
File: "/Users/Miriam/Box Sync/TYPlocal/output/graphs/Splot_occ_83double".png Gr
aphic file (type png)

<use "/Users/Miriam/Box Sync/TYPlocal/output/graphs/Splot_occ_83double".png>
Package pdftex.def Info: "/Users/Miriam/Box Sync/TYPlocal/output/graphs/Splot_o
cc_83double".png used on input line 1945.
(pdftex.def)             Requested size: 281.85585pt x 204.90123pt.

[51 </Users/Miriam/Box Sync/TYPlocal/output/graphs/Splot_occ_35double.png> </Us
ers/Miriam/Box Sync/TYPlocal/output/graphs/Splot_occ_51double.png>]
<"/Users/Miriam/Box Sync/TYPlocal/output/graphs/WgPDVstart_occ17_clinv2_0_17sc"
.png, id=928, 736.7525pt x 536.0025pt>
File: "/Users/Miriam/Box Sync/TYPlocal/output/graphs/WgPDVstart_occ17_clinv2_0_
17sc".png Graphic file (type png)

<use "/Users/Miriam/Box Sync/TYPlocal/output/graphs/WgPDVstart_occ17_clinv2_0_1
7sc".png>
Package pdftex.def Info: "/Users/Miriam/Box Sync/TYPlocal/output/graphs/WgPDVst
art_occ17_clinv2_0_17sc".png used on input line 1954.
(pdftex.def)             Requested size: 281.85585pt x 205.0489pt.

<"/Users/Miriam/Box Sync/TYPlocal/output/graphs/WgPDVstart_occ51_clinv2_1_51sc"
.png, id=929, 931.98187pt x 677.53125pt>
File: "/Users/Miriam/Box Sync/TYPlocal/output/graphs/WgPDVstart_occ51_clinv2_1_
51sc".png Graphic file (type png)

<use "/Users/Miriam/Box Sync/TYPlocal/output/graphs/WgPDVstart_occ51_clinv2_1_5
1sc".png>
Package pdftex.def Info: "/Users/Miriam/Box Sync/TYPlocal/output/graphs/WgPDVst
art_occ51_clinv2_1_51sc".png used on input line 1960.
(pdftex.def)             Requested size: 281.85585pt x 204.90472pt.
 [52 </Users/Miriam/Box Sync/TYPlocal/output/graphs/Splot_occ_83double.png> </U
sers/Miriam/Box Sync/TYPlocal/output/graphs/WgPDVstart_occ17_clinv2_0_17sc.png>
] [53 </Users/Miriam/Box Sync/TYPlocal/output/graphs/WgPDVstart_occ51_clinv2_1_
51sc.png>]
(/Users/Miriam/Box Sync/TYPlocal/output/tables/Model_estimates_v2.tex
Overfull \hbox (36.15215pt too wide) in paragraph at lines 5--46
 [][] 
 []

)
(/Users/Miriam/Box Sync/TYPlocal/output/tables/Stata10_pvIV_PDVstartsex1__v2_.t
ex)
(/Users/Miriam/Box Sync/TYPlocal/output/tables/Stata10_pvIV_PDVstartsex2__v2_sc
.tex) (/Users/Miriam/Box Sync/TYPlocal/output/tables/peffect20182080.tex)
(/Users/Miriam/Box Sync/TYPlocal/output/tables/FE_nowW_PDVstart_clinv2_sc.tex)
[54] [55] [56] [57]
<"/Users/Miriam/Box Sync/TYPlocal/output/graphs/Pan_equilibria_both".png, id=97
0, 746.79pt x 377.41pt>
File: "/Users/Miriam/Box Sync/TYPlocal/output/graphs/Pan_equilibria_both".png G
raphic file (type png)

<use "/Users/Miriam/Box Sync/TYPlocal/output/graphs/Pan_equilibria_both".png>
Package pdftex.def Info: "/Users/Miriam/Box Sync/TYPlocal/output/graphs/Pan_equ
ilibria_both".png used on input line 2004.
(pdftex.def)             Requested size: 375.80542pt x 189.91963pt.

[58


] [59 </Users/Miriam/Box Sync/TYPlocal/output/graphs/Pan_equilibria_both.png>] 
[60]
<"/Users/Miriam/Box Sync/TYPlocal/output/graphs/SIPP_lifeinc_occfinal_1960".png
, id=987, 816.04875pt x 593.71812pt>
File: "/Users/Miriam/Box Sync/TYPlocal/output/graphs/SIPP_lifeinc_occfinal_1960
".png Graphic file (type png)

<use "/Users/Miriam/Box Sync/TYPlocal/output/graphs/SIPP_lifeinc_occfinal_1960"
.png>
Package pdftex.def Info: "/Users/Miriam/Box Sync/TYPlocal/output/graphs/SIPP_li
feinc_occfinal_1960".png used on input line 2134.
(pdftex.def)             Requested size: 469.75499pt x 341.77483pt.

Overfull \hbox (54.75012pt too wide) in paragraph at lines 2134--2135
[] 
 []

[61]
<"/Users/Miriam/Box Sync/TYPlocal/output/graphs/PSIDlifeinc".png, id=992, 675.5
2374pt x 491.33563pt>
File: "/Users/Miriam/Box Sync/TYPlocal/output/graphs/PSIDlifeinc".png Graphic f
ile (type png)

<use "/Users/Miriam/Box Sync/TYPlocal/output/graphs/PSIDlifeinc".png>
Package pdftex.def Info: "/Users/Miriam/Box Sync/TYPlocal/output/graphs/PSIDlif
einc".png used on input line 2136.
(pdftex.def)             Requested size: 469.75499pt x 341.67595pt.

Overfull \hbox (54.75012pt too wide) in paragraph at lines 2136--2137
[] 
 []

[62 </Users/Miriam/Box Sync/TYPlocal/output/graphs/SIPP_lifeinc_occfinal_1960.p
ng>] [63 </Users/Miriam/Box Sync/TYPlocal/output/graphs/PSIDlifeinc.png>]
<"/Users/Miriam/Box Sync/TYPlocal/output/graphs/SIPPlifeinc_age_occfinal_0".png
, id=1003, 675.52374pt x 491.33563pt>
File: "/Users/Miriam/Box Sync/TYPlocal/output/graphs/SIPPlifeinc_age_occfinal_0
".png Graphic file (type png)

<use "/Users/Miriam/Box Sync/TYPlocal/output/graphs/SIPPlifeinc_age_occfinal_0"
.png>
Package pdftex.def Info: "/Users/Miriam/Box Sync/TYPlocal/output/graphs/SIPPlif
einc_age_occfinal_0".png used on input line 2140.
(pdftex.def)             Requested size: 375.80542pt x 273.34676pt.

<"/Users/Miriam/Box Sync/TYPlocal/output/graphs/PSIDlifeinc_age_occfinal_0".png
, id=1004, 675.52374pt x 491.33563pt>
File: "/Users/Miriam/Box Sync/TYPlocal/output/graphs/PSIDlifeinc_age_occfinal_0
".png Graphic file (type png)

<use "/Users/Miriam/Box Sync/TYPlocal/output/graphs/PSIDlifeinc_age_occfinal_0"
.png>
Package pdftex.def Info: "/Users/Miriam/Box Sync/TYPlocal/output/graphs/PSIDlif
einc_age_occfinal_0".png used on input line 2142.
(pdftex.def)             Requested size: 375.80542pt x 273.34676pt.
 [64

 </Users/Miriam/Box Sync/TYPlocal/output/graphs/SIPPlifeinc_age_occfinal_0.png>
 </Users/Miriam/Box Sync/TYPlocal/output/graphs/PSIDlifeinc_age_occfinal_0.png>
]
<"/Users/Miriam/Box Sync/TYPlocal/output/graphs/SIPPlifeinc_age_occfinal_1".png
, id=1012, 675.52374pt x 491.33563pt>
File: "/Users/Miriam/Box Sync/TYPlocal/output/graphs/SIPPlifeinc_age_occfinal_1
".png Graphic file (type png)

<use "/Users/Miriam/Box Sync/TYPlocal/output/graphs/SIPPlifeinc_age_occfinal_1"
.png>
Package pdftex.def Info: "/Users/Miriam/Box Sync/TYPlocal/output/graphs/SIPPlif
einc_age_occfinal_1".png used on input line 2144.
(pdftex.def)             Requested size: 375.80542pt x 273.34676pt.

<"/Users/Miriam/Box Sync/TYPlocal/output/graphs/PSIDlifeinc_age_occfinal_1".png
, id=1013, 675.52374pt x 491.33563pt>
File: "/Users/Miriam/Box Sync/TYPlocal/output/graphs/PSIDlifeinc_age_occfinal_1
".png Graphic file (type png)

<use "/Users/Miriam/Box Sync/TYPlocal/output/graphs/PSIDlifeinc_age_occfinal_1"
.png>
Package pdftex.def Info: "/Users/Miriam/Box Sync/TYPlocal/output/graphs/PSIDlif
einc_age_occfinal_1".png used on input line 2146.
(pdftex.def)             Requested size: 375.80542pt x 273.34676pt.
 [65

 </Users/Miriam/Box Sync/TYPlocal/output/graphs/SIPPlifeinc_age_occfinal_1.png>
 </Users/Miriam/Box Sync/TYPlocal/output/graphs/PSIDlifeinc_age_occfinal_1.png>
]
<"/Users/Miriam/Box Sync/TYPlocal/output/graphs/SIPPlifeinc_age_occfinal_2".png
, id=1020, 675.52374pt x 491.33563pt>
File: "/Users/Miriam/Box Sync/TYPlocal/output/graphs/SIPPlifeinc_age_occfinal_2
".png Graphic file (type png)

<use "/Users/Miriam/Box Sync/TYPlocal/output/graphs/SIPPlifeinc_age_occfinal_2"
.png>
Package pdftex.def Info: "/Users/Miriam/Box Sync/TYPlocal/output/graphs/SIPPlif
einc_age_occfinal_2".png used on input line 2148.
(pdftex.def)             Requested size: 375.80542pt x 273.34676pt.

<"/Users/Miriam/Box Sync/TYPlocal/output/graphs/PSIDlifeinc_age_occfinal_2".png
, id=1021, 675.52374pt x 491.33563pt>
File: "/Users/Miriam/Box Sync/TYPlocal/output/graphs/PSIDlifeinc_age_occfinal_2
".png Graphic file (type png)

<use "/Users/Miriam/Box Sync/TYPlocal/output/graphs/PSIDlifeinc_age_occfinal_2"
.png>
Package pdftex.def Info: "/Users/Miriam/Box Sync/TYPlocal/output/graphs/PSIDlif
einc_age_occfinal_2".png used on input line 2150.
(pdftex.def)             Requested size: 375.80542pt x 273.34676pt.
 [66

 </Users/Miriam/Box Sync/TYPlocal/output/graphs/SIPPlifeinc_age_occfinal_2.png>
 </Users/Miriam/Box Sync/TYPlocal/output/graphs/PSIDlifeinc_age_occfinal_2.png>
]
<"/Users/Miriam/Box Sync/TYPlocal/output/graphs/SIPPlifeinc_age_occfinal_3".png
, id=1028, 675.52374pt x 491.33563pt>
File: "/Users/Miriam/Box Sync/TYPlocal/output/graphs/SIPPlifeinc_age_occfinal_3
".png Graphic file (type png)

<use "/Users/Miriam/Box Sync/TYPlocal/output/graphs/SIPPlifeinc_age_occfinal_3"
.png>
Package pdftex.def Info: "/Users/Miriam/Box Sync/TYPlocal/output/graphs/SIPPlif
einc_age_occfinal_3".png used on input line 2152.
(pdftex.def)             Requested size: 375.80542pt x 273.34676pt.

<"/Users/Miriam/Box Sync/TYPlocal/output/graphs/PSIDlifeinc_age_occfinal_3".png
, id=1029, 675.52374pt x 491.33563pt>
File: "/Users/Miriam/Box Sync/TYPlocal/output/graphs/PSIDlifeinc_age_occfinal_3
".png Graphic file (type png)

<use "/Users/Miriam/Box Sync/TYPlocal/output/graphs/PSIDlifeinc_age_occfinal_3"
.png>
Package pdftex.def Info: "/Users/Miriam/Box Sync/TYPlocal/output/graphs/PSIDlif
einc_age_occfinal_3".png used on input line 2154.
(pdftex.def)             Requested size: 375.80542pt x 273.34676pt.
 [67

 </Users/Miriam/Box Sync/TYPlocal/output/graphs/SIPPlifeinc_age_occfinal_3.png>
 </Users/Miriam/Box Sync/TYPlocal/output/graphs/PSIDlifeinc_age_occfinal_3.png>
]
<"/Users/Miriam/Box Sync/TYPlocal/output/graphs/SIPPlifeinc_age_occfinal_4".png
, id=1036, 675.52374pt x 491.33563pt>
File: "/Users/Miriam/Box Sync/TYPlocal/output/graphs/SIPPlifeinc_age_occfinal_4
".png Graphic file (type png)

<use "/Users/Miriam/Box Sync/TYPlocal/output/graphs/SIPPlifeinc_age_occfinal_4"
.png>
Package pdftex.def Info: "/Users/Miriam/Box Sync/TYPlocal/output/graphs/SIPPlif
einc_age_occfinal_4".png used on input line 2156.
(pdftex.def)             Requested size: 375.80542pt x 273.34676pt.

<"/Users/Miriam/Box Sync/TYPlocal/output/graphs/PSIDlifeinc_age_occfinal_4".png
, id=1037, 675.52374pt x 491.33563pt>
File: "/Users/Miriam/Box Sync/TYPlocal/output/graphs/PSIDlifeinc_age_occfinal_4
".png Graphic file (type png)

<use "/Users/Miriam/Box Sync/TYPlocal/output/graphs/PSIDlifeinc_age_occfinal_4"
.png>
Package pdftex.def Info: "/Users/Miriam/Box Sync/TYPlocal/output/graphs/PSIDlif
einc_age_occfinal_4".png used on input line 2158.
(pdftex.def)             Requested size: 375.80542pt x 273.34676pt.
 [68

 </Users/Miriam/Box Sync/TYPlocal/output/graphs/SIPPlifeinc_age_occfinal_4.png>
 </Users/Miriam/Box Sync/TYPlocal/output/graphs/PSIDlifeinc_age_occfinal_4.png>
]
<"/Users/Miriam/Box Sync/TYPlocal/output/graphs/SIPPlifeinc_age_occfinal_5".png
, id=1044, 675.52374pt x 491.33563pt>
File: "/Users/Miriam/Box Sync/TYPlocal/output/graphs/SIPPlifeinc_age_occfinal_5
".png Graphic file (type png)

<use "/Users/Miriam/Box Sync/TYPlocal/output/graphs/SIPPlifeinc_age_occfinal_5"
.png>
Package pdftex.def Info: "/Users/Miriam/Box Sync/TYPlocal/output/graphs/SIPPlif
einc_age_occfinal_5".png used on input line 2160.
(pdftex.def)             Requested size: 375.80542pt x 273.34676pt.

<"/Users/Miriam/Box Sync/TYPlocal/output/graphs/PSIDlifeinc_age_occfinal_5".png
, id=1045, 675.52374pt x 491.33563pt>
File: "/Users/Miriam/Box Sync/TYPlocal/output/graphs/PSIDlifeinc_age_occfinal_5
".png Graphic file (type png)

<use "/Users/Miriam/Box Sync/TYPlocal/output/graphs/PSIDlifeinc_age_occfinal_5"
.png>
Package pdftex.def Info: "/Users/Miriam/Box Sync/TYPlocal/output/graphs/PSIDlif
einc_age_occfinal_5".png used on input line 2162.
(pdftex.def)             Requested size: 375.80542pt x 273.34676pt.
 [69

 </Users/Miriam/Box Sync/TYPlocal/output/graphs/SIPPlifeinc_age_occfinal_5.png>
 </Users/Miriam/Box Sync/TYPlocal/output/graphs/PSIDlifeinc_age_occfinal_5.png>
]
<"/Users/Miriam/Box Sync/TYPlocal/output/graphs/SIPPlifeinc_age_occfinal_6".png
, id=1052, 675.52374pt x 491.33563pt>
File: "/Users/Miriam/Box Sync/TYPlocal/output/graphs/SIPPlifeinc_age_occfinal_6
".png Graphic file (type png)

<use "/Users/Miriam/Box Sync/TYPlocal/output/graphs/SIPPlifeinc_age_occfinal_6"
.png>
Package pdftex.def Info: "/Users/Miriam/Box Sync/TYPlocal/output/graphs/SIPPlif
einc_age_occfinal_6".png used on input line 2164.
(pdftex.def)             Requested size: 375.80542pt x 273.34676pt.

<"/Users/Miriam/Box Sync/TYPlocal/output/graphs/PSIDlifeinc_age_occfinal_6".png
, id=1053, 675.52374pt x 491.33563pt>
File: "/Users/Miriam/Box Sync/TYPlocal/output/graphs/PSIDlifeinc_age_occfinal_6
".png Graphic file (type png)

<use "/Users/Miriam/Box Sync/TYPlocal/output/graphs/PSIDlifeinc_age_occfinal_6"
.png>
Package pdftex.def Info: "/Users/Miriam/Box Sync/TYPlocal/output/graphs/PSIDlif
einc_age_occfinal_6".png used on input line 2166.
(pdftex.def)             Requested size: 375.80542pt x 273.34676pt.
 [70

 </Users/Miriam/Box Sync/TYPlocal/output/graphs/SIPPlifeinc_age_occfinal_6.png>
 </Users/Miriam/Box Sync/TYPlocal/output/graphs/PSIDlifeinc_age_occfinal_6.png>
]
(/Users/Miriam/Box Sync/TYPlocal/output/tables/Estimation_occfinal_year_1960.te
x
Overfull \hbox (17.13255pt too wide) in paragraph at lines 5--47
 [][] 
 []

Missing character: There is no   in font cmr9!
) [71

]
(/Users/Miriam/Box Sync/TYPlocal/output/tables/Estimation_occfinal_year_1970.te
x
Overfull \hbox (17.13255pt too wide) in paragraph at lines 5--47
 [][] 
 []

Missing character: There is no   in font cmr9!
) [72

]
(/Users/Miriam/Box Sync/TYPlocal/output/tables/Estimation_occfinal_year_1980.te
x
Overfull \hbox (18.95757pt too wide) in paragraph at lines 5--47
 [][] 
 []

Missing character: There is no   in font cmr9!
) [73

]
(/Users/Miriam/Box Sync/TYPlocal/output/tables/Estimation_occfinal_year_1990.te
x
Overfull \hbox (13.48256pt too wide) in paragraph at lines 5--47
 [][] 
 []

Missing character: There is no   in font cmr9!
) [74

]
(/Users/Miriam/Box Sync/TYPlocal/output/tables/Estimation_occfinal_year_2000.te
x
Overfull \hbox (13.48256pt too wide) in paragraph at lines 5--47
 [][] 
 []

Missing character: There is no   in font cmr9!
) [75

]
(/Users/Miriam/Box Sync/TYPlocal/output/tables/Estimation_occfinal_year_2012.te
x
Overfull \hbox (8.00755pt too wide) in paragraph at lines 5--47
 [][] 
 []

Missing character: There is no   in font cmr9!
)
<"/Users/Miriam/Box Sync/TYPlocal/output/graphs/matlabwages/"logwages11reg1trun
c_occfinal.png, id=1086, 578.16pt x 433.62pt>
File: "/Users/Miriam/Box Sync/TYPlocal/output/graphs/matlabwages/"logwages11reg
1trunc_occfinal.png Graphic file (type png)

<use "/Users/Miriam/Box Sync/TYPlocal/output/graphs/matlabwages/"logwages11reg1
trunc_occfinal.png>
Package pdftex.def Info: "/Users/Miriam/Box Sync/TYPlocal/output/graphs/matlabw
ages/"logwages11reg1trunc_occfinal.png used on input line 2370.
(pdftex.def)             Requested size: 375.80542pt x 281.84966pt.

<"/Users/Miriam/Box Sync/TYPlocal/output/graphs/matlabwages/"logwages12reg1trun
c_occfinal.png, id=1087, 578.16pt x 433.62pt>
File: "/Users/Miriam/Box Sync/TYPlocal/output/graphs/matlabwages/"logwages12reg
1trunc_occfinal.png Graphic file (type png)

<use "/Users/Miriam/Box Sync/TYPlocal/output/graphs/matlabwages/"logwages12reg1
trunc_occfinal.png>
Package pdftex.def Info: "/Users/Miriam/Box Sync/TYPlocal/output/graphs/matlabw
ages/"logwages12reg1trunc_occfinal.png used on input line 2372.
(pdftex.def)             Requested size: 375.80542pt x 281.84966pt.
 [76

] [77 </Users/Miriam/Box Sync/TYPlocal/output/graphs/matlabwages/logwages11reg1
trunc_occfinal.png (PNG copy)> </Users/Miriam/Box Sync/TYPlocal/output/graphs/m
atlabwages/logwages12reg1trunc_occfinal.png (PNG copy)>]
<"/Users/Miriam/Box Sync/TYPlocal/output/graphs/matlabwages/"logwages13reg1trun
c_occfinal.png, id=1098, 578.16pt x 433.62pt>
File: "/Users/Miriam/Box Sync/TYPlocal/output/graphs/matlabwages/"logwages13reg
1trunc_occfinal.png Graphic file (type png)

<use "/Users/Miriam/Box Sync/TYPlocal/output/graphs/matlabwages/"logwages13reg1
trunc_occfinal.png>
Package pdftex.def Info: "/Users/Miriam/Box Sync/TYPlocal/output/graphs/matlabw
ages/"logwages13reg1trunc_occfinal.png used on input line 2374.
(pdftex.def)             Requested size: 375.80542pt x 281.84966pt.

<"/Users/Miriam/Box Sync/TYPlocal/output/graphs/matlabwages/"logwages14reg1trun
c_occfinal.png, id=1099, 578.16pt x 433.62pt>
File: "/Users/Miriam/Box Sync/TYPlocal/output/graphs/matlabwages/"logwages14reg
1trunc_occfinal.png Graphic file (type png)

<use "/Users/Miriam/Box Sync/TYPlocal/output/graphs/matlabwages/"logwages14reg1
trunc_occfinal.png>
Package pdftex.def Info: "/Users/Miriam/Box Sync/TYPlocal/output/graphs/matlabw
ages/"logwages14reg1trunc_occfinal.png used on input line 2376.
(pdftex.def)             Requested size: 375.80542pt x 281.84966pt.
 [78

 </Users/Miriam/Box Sync/TYPlocal/output/graphs/matlabwages/logwages13reg1trunc
_occfinal.png (PNG copy)> </Users/Miriam/Box Sync/TYPlocal/output/graphs/matlab
wages/logwages14reg1trunc_occfinal.png (PNG copy)>]
<"/Users/Miriam/Box Sync/TYPlocal/output/graphs/matlabwages/"logwages15reg1trun
c_occfinal.png, id=1104, 578.16pt x 433.62pt>
File: "/Users/Miriam/Box Sync/TYPlocal/output/graphs/matlabwages/"logwages15reg
1trunc_occfinal.png Graphic file (type png)

<use "/Users/Miriam/Box Sync/TYPlocal/output/graphs/matlabwages/"logwages15reg1
trunc_occfinal.png>
Package pdftex.def Info: "/Users/Miriam/Box Sync/TYPlocal/output/graphs/matlabw
ages/"logwages15reg1trunc_occfinal.png used on input line 2378.
(pdftex.def)             Requested size: 375.80542pt x 281.84966pt.

<"/Users/Miriam/Box Sync/TYPlocal/output/graphs/matlabwages/"logwages16reg1trun
c_occfinal.png, id=1105, 578.16pt x 433.62pt>
File: "/Users/Miriam/Box Sync/TYPlocal/output/graphs/matlabwages/"logwages16reg
1trunc_occfinal.png Graphic file (type png)

<use "/Users/Miriam/Box Sync/TYPlocal/output/graphs/matlabwages/"logwages16reg1
trunc_occfinal.png>
Package pdftex.def Info: "/Users/Miriam/Box Sync/TYPlocal/output/graphs/matlabw
ages/"logwages16reg1trunc_occfinal.png used on input line 2380.
(pdftex.def)             Requested size: 375.80542pt x 281.84966pt.
 [79

 </Users/Miriam/Box Sync/TYPlocal/output/graphs/matlabwages/logwages15reg1trunc
_occfinal.png (PNG copy)> </Users/Miriam/Box Sync/TYPlocal/output/graphs/matlab
wages/logwages16reg1trunc_occfinal.png (PNG copy)>]
<"/Users/Miriam/Box Sync/TYPlocal/output/graphs/matlabwages/"logwages17reg1trun
c_occfinal.png, id=1110, 578.16pt x 433.62pt>
File: "/Users/Miriam/Box Sync/TYPlocal/output/graphs/matlabwages/"logwages17reg
1trunc_occfinal.png Graphic file (type png)

<use "/Users/Miriam/Box Sync/TYPlocal/output/graphs/matlabwages/"logwages17reg1
trunc_occfinal.png>
Package pdftex.def Info: "/Users/Miriam/Box Sync/TYPlocal/output/graphs/matlabw
ages/"logwages17reg1trunc_occfinal.png used on input line 2382.
(pdftex.def)             Requested size: 375.80542pt x 281.84966pt.

<"/Users/Miriam/Box Sync/TYPlocal/output/graphs/matlabwages/"logwages18reg1trun
c_occfinal.png, id=1111, 578.16pt x 433.62pt>
File: "/Users/Miriam/Box Sync/TYPlocal/output/graphs/matlabwages/"logwages18reg
1trunc_occfinal.png Graphic file (type png)

<use "/Users/Miriam/Box Sync/TYPlocal/output/graphs/matlabwages/"logwages18reg1
trunc_occfinal.png>
Package pdftex.def Info: "/Users/Miriam/Box Sync/TYPlocal/output/graphs/matlabw
ages/"logwages18reg1trunc_occfinal.png used on input line 2384.
(pdftex.def)             Requested size: 375.80542pt x 281.84966pt.
 [80

 </Users/Miriam/Box Sync/TYPlocal/output/graphs/matlabwages/logwages17reg1trunc
_occfinal.png (PNG copy)> </Users/Miriam/Box Sync/TYPlocal/output/graphs/matlab
wages/logwages18reg1trunc_occfinal.png (PNG copy)>]
<"/Users/Miriam/Box Sync/TYPlocal/output/graphs/matlabwages/"logwages19reg1trun
c_occfinal.png, id=1116, 578.16pt x 433.62pt>
File: "/Users/Miriam/Box Sync/TYPlocal/output/graphs/matlabwages/"logwages19reg
1trunc_occfinal.png Graphic file (type png)

<use "/Users/Miriam/Box Sync/TYPlocal/output/graphs/matlabwages/"logwages19reg1
trunc_occfinal.png>
Package pdftex.def Info: "/Users/Miriam/Box Sync/TYPlocal/output/graphs/matlabw
ages/"logwages19reg1trunc_occfinal.png used on input line 2386.
(pdftex.def)             Requested size: 375.80542pt x 281.84966pt.

<"/Users/Miriam/Box Sync/TYPlocal/output/graphs/matlabwages/"logwages20reg1trun
c_occfinal.png, id=1117, 578.16pt x 433.62pt>
File: "/Users/Miriam/Box Sync/TYPlocal/output/graphs/matlabwages/"logwages20reg
1trunc_occfinal.png Graphic file (type png)

<use "/Users/Miriam/Box Sync/TYPlocal/output/graphs/matlabwages/"logwages20reg1
trunc_occfinal.png>
Package pdftex.def Info: "/Users/Miriam/Box Sync/TYPlocal/output/graphs/matlabw
ages/"logwages20reg1trunc_occfinal.png used on input line 2388.
(pdftex.def)             Requested size: 375.80542pt x 281.84966pt.
 [81

 </Users/Miriam/Box Sync/TYPlocal/output/graphs/matlabwages/logwages19reg1trunc
_occfinal.png (PNG copy)> </Users/Miriam/Box Sync/TYPlocal/output/graphs/matlab
wages/logwages20reg1trunc_occfinal.png (PNG copy)>]
<"/Users/Miriam/Box Sync/TYPlocal/output/graphs/matlabwages/"logwages21reg1trun
c_occfinal.png, id=1122, 578.16pt x 433.62pt>
File: "/Users/Miriam/Box Sync/TYPlocal/output/graphs/matlabwages/"logwages21reg
1trunc_occfinal.png Graphic file (type png)

<use "/Users/Miriam/Box Sync/TYPlocal/output/graphs/matlabwages/"logwages21reg1
trunc_occfinal.png>
Package pdftex.def Info: "/Users/Miriam/Box Sync/TYPlocal/output/graphs/matlabw
ages/"logwages21reg1trunc_occfinal.png used on input line 2390.
(pdftex.def)             Requested size: 375.80542pt x 281.84966pt.

<"/Users/Miriam/Box Sync/TYPlocal/output/graphs/matlabwages/"logwages22reg1trun
c_occfinal.png, id=1123, 578.16pt x 433.62pt>
File: "/Users/Miriam/Box Sync/TYPlocal/output/graphs/matlabwages/"logwages22reg
1trunc_occfinal.png Graphic file (type png)

<use "/Users/Miriam/Box Sync/TYPlocal/output/graphs/matlabwages/"logwages22reg1
trunc_occfinal.png>
Package pdftex.def Info: "/Users/Miriam/Box Sync/TYPlocal/output/graphs/matlabw
ages/"logwages22reg1trunc_occfinal.png used on input line 2392.
(pdftex.def)             Requested size: 375.80542pt x 281.84966pt.
 [82

 </Users/Miriam/Box Sync/TYPlocal/output/graphs/matlabwages/logwages21reg1trunc
_occfinal.png (PNG copy)> </Users/Miriam/Box Sync/TYPlocal/output/graphs/matlab
wages/logwages22reg1trunc_occfinal.png (PNG copy)>]
<"/Users/Miriam/Box Sync/TYPlocal/output/graphs/matlabwages/"logwages23reg1trun
c_occfinal.png, id=1129, 578.16pt x 433.62pt>
File: "/Users/Miriam/Box Sync/TYPlocal/output/graphs/matlabwages/"logwages23reg
1trunc_occfinal.png Graphic file (type png)

<use "/Users/Miriam/Box Sync/TYPlocal/output/graphs/matlabwages/"logwages23reg1
trunc_occfinal.png>
Package pdftex.def Info: "/Users/Miriam/Box Sync/TYPlocal/output/graphs/matlabw
ages/"logwages23reg1trunc_occfinal.png used on input line 2394.
(pdftex.def)             Requested size: 375.80542pt x 281.84966pt.

<"/Users/Miriam/Box Sync/TYPlocal/output/graphs/matlabwages/"logwages24reg1trun
c_occfinal.png, id=1130, 578.16pt x 433.62pt>
File: "/Users/Miriam/Box Sync/TYPlocal/output/graphs/matlabwages/"logwages24reg
1trunc_occfinal.png Graphic file (type png)

<use "/Users/Miriam/Box Sync/TYPlocal/output/graphs/matlabwages/"logwages24reg1
trunc_occfinal.png>
Package pdftex.def Info: "/Users/Miriam/Box Sync/TYPlocal/output/graphs/matlabw
ages/"logwages24reg1trunc_occfinal.png used on input line 2396.
(pdftex.def)             Requested size: 375.80542pt x 281.84966pt.
 [83

 </Users/Miriam/Box Sync/TYPlocal/output/graphs/matlabwages/logwages23reg1trunc
_occfinal.png (PNG copy)> </Users/Miriam/Box Sync/TYPlocal/output/graphs/matlab
wages/logwages24reg1trunc_occfinal.png (PNG copy)>]
<"/Users/Miriam/Box Sync/TYPlocal/output/graphs/matlabwages/"logwages25reg1trun
c_occfinal.png, id=1135, 578.16pt x 433.62pt>
File: "/Users/Miriam/Box Sync/TYPlocal/output/graphs/matlabwages/"logwages25reg
1trunc_occfinal.png Graphic file (type png)

<use "/Users/Miriam/Box Sync/TYPlocal/output/graphs/matlabwages/"logwages25reg1
trunc_occfinal.png>
Package pdftex.def Info: "/Users/Miriam/Box Sync/TYPlocal/output/graphs/matlabw
ages/"logwages25reg1trunc_occfinal.png used on input line 2398.
(pdftex.def)             Requested size: 375.80542pt x 281.84966pt.

<"/Users/Miriam/Box Sync/TYPlocal/output/graphs/matlabwages/"logwages26reg1trun
c_occfinal.png, id=1136, 578.16pt x 433.62pt>
File: "/Users/Miriam/Box Sync/TYPlocal/output/graphs/matlabwages/"logwages26reg
1trunc_occfinal.png Graphic file (type png)

<use "/Users/Miriam/Box Sync/TYPlocal/output/graphs/matlabwages/"logwages26reg1
trunc_occfinal.png>
Package pdftex.def Info: "/Users/Miriam/Box Sync/TYPlocal/output/graphs/matlabw
ages/"logwages26reg1trunc_occfinal.png used on input line 2400.
(pdftex.def)             Requested size: 375.80542pt x 281.84966pt.
 [84

 </Users/Miriam/Box Sync/TYPlocal/output/graphs/matlabwages/logwages25reg1trunc
_occfinal.png (PNG copy)> </Users/Miriam/Box Sync/TYPlocal/output/graphs/matlab
wages/logwages26reg1trunc_occfinal.png (PNG copy)>]
<"/Users/Miriam/Box Sync/TYPlocal/output/graphs/matlabwages/"logwages27reg1trun
c_occfinal.png, id=1141, 578.16pt x 433.62pt>
File: "/Users/Miriam/Box Sync/TYPlocal/output/graphs/matlabwages/"logwages27reg
1trunc_occfinal.png Graphic file (type png)

<use "/Users/Miriam/Box Sync/TYPlocal/output/graphs/matlabwages/"logwages27reg1
trunc_occfinal.png>
Package pdftex.def Info: "/Users/Miriam/Box Sync/TYPlocal/output/graphs/matlabw
ages/"logwages27reg1trunc_occfinal.png used on input line 2402.
(pdftex.def)             Requested size: 375.80542pt x 281.84966pt.

<"/Users/Miriam/Box Sync/TYPlocal/output/graphs/matlabwages/"logwages28reg1trun
c_occfinal.png, id=1142, 578.16pt x 433.62pt>
File: "/Users/Miriam/Box Sync/TYPlocal/output/graphs/matlabwages/"logwages28reg
1trunc_occfinal.png Graphic file (type png)

<use "/Users/Miriam/Box Sync/TYPlocal/output/graphs/matlabwages/"logwages28reg1
trunc_occfinal.png>
Package pdftex.def Info: "/Users/Miriam/Box Sync/TYPlocal/output/graphs/matlabw
ages/"logwages28reg1trunc_occfinal.png used on input line 2404.
(pdftex.def)             Requested size: 375.80542pt x 281.84966pt.
 [85

 </Users/Miriam/Box Sync/TYPlocal/output/graphs/matlabwages/logwages27reg1trunc
_occfinal.png (PNG copy)> </Users/Miriam/Box Sync/TYPlocal/output/graphs/matlab
wages/logwages28reg1trunc_occfinal.png (PNG copy)>]
<"/Users/Miriam/Box Sync/TYPlocal/output/graphs/matlabwages/"logwages29reg1trun
c_occfinal.png, id=1147, 578.16pt x 433.62pt>
File: "/Users/Miriam/Box Sync/TYPlocal/output/graphs/matlabwages/"logwages29reg
1trunc_occfinal.png Graphic file (type png)

<use "/Users/Miriam/Box Sync/TYPlocal/output/graphs/matlabwages/"logwages29reg1
trunc_occfinal.png>
Package pdftex.def Info: "/Users/Miriam/Box Sync/TYPlocal/output/graphs/matlabw
ages/"logwages29reg1trunc_occfinal.png used on input line 2406.
(pdftex.def)             Requested size: 375.80542pt x 281.84966pt.

<"/Users/Miriam/Box Sync/TYPlocal/output/graphs/matlabwages/"logwages30reg1trun
c_occfinal.png, id=1148, 578.16pt x 433.62pt>
File: "/Users/Miriam/Box Sync/TYPlocal/output/graphs/matlabwages/"logwages30reg
1trunc_occfinal.png Graphic file (type png)

<use "/Users/Miriam/Box Sync/TYPlocal/output/graphs/matlabwages/"logwages30reg1
trunc_occfinal.png>
Package pdftex.def Info: "/Users/Miriam/Box Sync/TYPlocal/output/graphs/matlabw
ages/"logwages30reg1trunc_occfinal.png used on input line 2408.
(pdftex.def)             Requested size: 375.80542pt x 281.84966pt.
 [86

 </Users/Miriam/Box Sync/TYPlocal/output/graphs/matlabwages/logwages29reg1trunc
_occfinal.png (PNG copy)> </Users/Miriam/Box Sync/TYPlocal/output/graphs/matlab
wages/logwages30reg1trunc_occfinal.png (PNG copy)>]
<"/Users/Miriam/Box Sync/TYPlocal/output/graphs/matlabwages/"logwages31reg1trun
c_occfinal.png, id=1154, 578.16pt x 433.62pt>
File: "/Users/Miriam/Box Sync/TYPlocal/output/graphs/matlabwages/"logwages31reg
1trunc_occfinal.png Graphic file (type png)

<use "/Users/Miriam/Box Sync/TYPlocal/output/graphs/matlabwages/"logwages31reg1
trunc_occfinal.png>
Package pdftex.def Info: "/Users/Miriam/Box Sync/TYPlocal/output/graphs/matlabw
ages/"logwages31reg1trunc_occfinal.png used on input line 2410.
(pdftex.def)             Requested size: 375.80542pt x 281.84966pt.

<"/Users/Miriam/Box Sync/TYPlocal/output/graphs/matlabwages/"logwages32reg1trun
c_occfinal.png, id=1155, 578.16pt x 433.62pt>
File: "/Users/Miriam/Box Sync/TYPlocal/output/graphs/matlabwages/"logwages32reg
1trunc_occfinal.png Graphic file (type png)

<use "/Users/Miriam/Box Sync/TYPlocal/output/graphs/matlabwages/"logwages32reg1
trunc_occfinal.png>
Package pdftex.def Info: "/Users/Miriam/Box Sync/TYPlocal/output/graphs/matlabw
ages/"logwages32reg1trunc_occfinal.png used on input line 2412.
(pdftex.def)             Requested size: 375.80542pt x 281.84966pt.
 [87

 </Users/Miriam/Box Sync/TYPlocal/output/graphs/matlabwages/logwages31reg1trunc
_occfinal.png (PNG copy)> </Users/Miriam/Box Sync/TYPlocal/output/graphs/matlab
wages/logwages32reg1trunc_occfinal.png (PNG copy)>]
<"/Users/Miriam/Box Sync/TYPlocal/output/graphs/matlabwages/"logwages33reg1trun
c_occfinal.png, id=1160, 578.16pt x 433.62pt>
File: "/Users/Miriam/Box Sync/TYPlocal/output/graphs/matlabwages/"logwages33reg
1trunc_occfinal.png Graphic file (type png)

<use "/Users/Miriam/Box Sync/TYPlocal/output/graphs/matlabwages/"logwages33reg1
trunc_occfinal.png>
Package pdftex.def Info: "/Users/Miriam/Box Sync/TYPlocal/output/graphs/matlabw
ages/"logwages33reg1trunc_occfinal.png used on input line 2414.
(pdftex.def)             Requested size: 375.80542pt x 281.84966pt.

<"/Users/Miriam/Box Sync/TYPlocal/output/graphs/matlabwages/"logwages34reg1trun
c_occfinal.png, id=1161, 578.16pt x 433.62pt>
File: "/Users/Miriam/Box Sync/TYPlocal/output/graphs/matlabwages/"logwages34reg
1trunc_occfinal.png Graphic file (type png)

<use "/Users/Miriam/Box Sync/TYPlocal/output/graphs/matlabwages/"logwages34reg1
trunc_occfinal.png>
Package pdftex.def Info: "/Users/Miriam/Box Sync/TYPlocal/output/graphs/matlabw
ages/"logwages34reg1trunc_occfinal.png used on input line 2416.
(pdftex.def)             Requested size: 375.80542pt x 281.84966pt.
 [88

 </Users/Miriam/Box Sync/TYPlocal/output/graphs/matlabwages/logwages33reg1trunc
_occfinal.png (PNG copy)> </Users/Miriam/Box Sync/TYPlocal/output/graphs/matlab
wages/logwages34reg1trunc_occfinal.png (PNG copy)>]
(./Paper_2019_February_v2.bbl
Missing character: There is no Ì in font cmr10!
Missing character: There is no § in font cmr10!
 [89] [90]
Underfull \hbox (badness 5741) in paragraph at lines 875--892
[]\OT1/cmr/m/n/10.95 Goldsmith-Pinkham, P., Sorkin, I., & Swift, H.  (2017).  B
ar-tik In-
 []


Underfull \hbox (badness 3396) in paragraph at lines 875--892
\OT1/cmr/m/n/10.95 stru-ments : What, When, Why and How.  \OT1/cmr/m/it/10.95 W
ork-ing Pa-per\OT1/cmr/m/n/10.95 .  Re-
 []


Underfull \hbox (badness 10000) in paragraph at lines 875--892
\OT1/cmr/m/n/10.95 trieved from []$\OT1/cmtt/m/n/10.95 https :// f247968a [] -a
 [] -62cb3a1a [] -s [] -sites [] .googlegroups []
 []


Underfull \hbox (badness 10000) in paragraph at lines 875--892
\OT1/cmtt/m/n/10.95 .com / site / isaacsorkin / Bartik{[][]}Instruments [] .pdf
 [] ?attachauth =
 []


Overfull \hbox (221.04124pt too wide) in paragraph at lines 875--892
\OT1/cmtt/m/n/10.95 ANoY7crDS4jlf2AwQ9sV{[][]}yXsmyiVzB0TZKZt1TXOvfVQHh6nRfbDed
mYfQJr3t2WqZA97LDle5ts8{[][]}{[][]}TnzWonQ{[][]}244BXeeMIZWy []
 []


Underfull \hbox (badness 10000) in paragraph at lines 959--977
\OT1/cmtt/m/n/10.95 .chicagobooth [] .edu / chang [] -tai [] .hsieh / research 
/ HHJK [] .pdf{%}5Cnpapers3 ://
 []

[91] [92]
Underfull \hbox (badness 2653) in paragraph at lines 1323--1339
[]\OT1/cmr/m/n/10.95 Salani^^Se, B.  (2014b).  Iden-ti-fi-ca-tion in Sep-a-ra-b
le Match-ing with Ob-served
 []


Underfull \hbox (badness 1888) in paragraph at lines 1323--1339
\OT1/cmr/m/n/10.95 Trans-fers. , 1--7.  Re-trieved from []$\OT1/cmtt/m/n/10.95 
http :// www [] .columbia [] .edu / {[]}bs2237 /
 []

Missing character: There is no â in font cmr10!
Missing character: There is no  in font cmr10!
Missing character: There is no   in font cmr10!
)
Package atveryend Info: Empty hook `BeforeClearDocument' on input line 2563.
 [93]
Package atveryend Info: Empty hook `AfterLastShipout' on input line 2563.
 (./Paper_2019_February_v2.aux)
Package atveryend Info: Executing hook `AtVeryEndDocument' on input line 2563.
Package atveryend Info: Executing hook `AtEndAfterFileList' on input line 2563.

Package rerunfilecheck Info: File `Paper_2019_February_v2.out' has not changed.

(rerunfilecheck)             Checksum: DD04C988170DCFC2846C9729F5036B22;3312.


LaTeX Warning: There were undefined references.


LaTeX Warning: There were multiply-defined labels.

 ) 
Here is how much of TeX's memory you used:
 17826 strings out of 493014
 308217 string characters out of 6133351
 411859 words of memory out of 5000000
 20669 multiletter control sequences out of 15000+600000
 25957 words of font info for 96 fonts, out of 8000000 for 9000
 1141 hyphenation exceptions out of 8191
 53i,14n,92p,1585b,505s stack positions out of 5000i,500n,10000p,200000b,80000s
</usr/local/texlive/2016/texmf-dist/fonts/type1/public/amsfonts/cm/cmbx10.pfb
></usr/local/texlive/2016/texmf-dist/fonts/type1/public/amsfonts/cm/cmbx12.pfb>
</usr/local/texlive/2016/texmf-dist/fonts/type1/public/amsfonts/cm/cmmi10.pfb><
/usr/local/texlive/2016/texmf-dist/fonts/type1/public/amsfonts/cm/cmmi5.pfb></u
sr/local/texlive/2016/texmf-dist/fonts/type1/public/amsfonts/cm/cmmi6.pfb></usr
/local/texlive/2016/texmf-dist/fonts/type1/public/amsfonts/cm/cmmi7.pfb></usr/l
ocal/texlive/2016/texmf-dist/fonts/type1/public/amsfonts/cm/cmmi8.pfb></usr/loc
al/texlive/2016/texmf-dist/fonts/type1/public/amsfonts/cm/cmmi9.pfb></usr/local
/texlive/2016/texmf-dist/fonts/type1/public/amsfonts/cm/cmr10.pfb></usr/local/t
exlive/2016/texmf-dist/fonts/type1/public/amsfonts/cm/cmr12.pfb></usr/local/tex
live/2016/texmf-dist/fonts/type1/public/amsfonts/cm/cmr17.pfb></usr/local/texli
ve/2016/texmf-dist/fonts/type1/public/amsfonts/cm/cmr5.pfb></usr/local/texlive/
2016/texmf-dist/fonts/type1/public/amsfonts/cm/cmr6.pfb></usr/local/texlive/201
6/texmf-dist/fonts/type1/public/amsfonts/cm/cmr7.pfb></usr/local/texlive/2016/t
exmf-dist/fonts/type1/public/amsfonts/cm/cmr9.pfb></usr/local/texlive/2016/texm
f-dist/fonts/type1/public/amsfonts/cm/cmsy10.pfb></usr/local/texlive/2016/texmf
-dist/fonts/type1/public/amsfonts/cm/cmsy6.pfb></usr/local/texlive/2016/texmf-d
ist/fonts/type1/public/amsfonts/cm/cmsy7.pfb></usr/local/texlive/2016/texmf-dis
t/fonts/type1/public/amsfonts/cm/cmsy8.pfb></usr/local/texlive/2016/texmf-dist/
fonts/type1/public/amsfonts/cm/cmti10.pfb></usr/local/texlive/2016/texmf-dist/f
onts/type1/public/amsfonts/cm/cmtt10.pfb></usr/local/texlive/2016/texmf-dist/fo
nts/type1/public/amsfonts/cm/cmtt9.pfb></usr/local/texlive/2016/texmf-dist/font
s/type1/public/mathabx-type1/matha10.pfb></usr/local/texlive/2016/texmf-dist/fo
nts/type1/public/mathabx-type1/matha5.pfb></usr/local/texlive/2016/texmf-dist/f
onts/type1/public/mathabx-type1/matha6.pfb></usr/local/texlive/2016/texmf-dist/
fonts/type1/public/mathabx-type1/matha7.pfb></usr/local/texlive/2016/texmf-dist
/fonts/type1/public/mathabx-type1/matha8.pfb></usr/local/texlive/2016/texmf-dis
t/fonts/type1/public/mathabx-type1/matha9.pfb></usr/local/texlive/2016/texmf-di
st/fonts/type1/public/mathabx-type1/mathx10.pfb>
Output written on Paper_2019_February_v2.pdf (96 pages, 6073272 bytes).
PDF statistics:
 1380 PDF objects out of 1440 (max. 8388607)
 1129 compressed objects within 12 object streams
 289 named destinations out of 1000 (max. 500000)
 714 words of extra memory for PDF output out of 10000 (max. 10000000)

